<?xml version="1.0" encoding="utf-8"?><testsuites name="pytest tests"><testsuite name="pytest" errors="0" failures="0" skipped="0" tests="31" time="23.699" timestamp="2026-08-13T18:35:24.484811+08:00" hostname="zhangdawei"><testcase classname="tests.stage1_sctsr_v4.test_cli_and_run_audit_hardening" name="test_validate_run_rejects_indexed_but_semantically_empty_shell" time="0.015" /><testcase classname="tests.stage1_sctsr_v4.test_cli_and_run_audit_hardening" name="test_validate_run_detects_missing_required_canary_partition_even_after_reindex" time="8.091" /><testcase classname="tests.stage1_sctsr_v4.test_cli_and_run_audit_hardening" name="test_evaluate_cli_rejects_arbitrary_raw_json_even_with_loadable_checkpoint" time="1.397" /><testcase classname="tests.stage1_sctsr_v4.test_cli_and_run_audit_hardening" name="test_evaluate_cli_revalidates_registered_prediction_and_writes_partitioned_frontier" time="1.598" /><testcase classname="tests.stage1_sctsr_v4.test_cli_and_run_audit_hardening" name="test_formal_runner_cli_exposes_trust_and_binding_arguments" time="2.701" /><testcase classname="tests.stage1_sctsr_v4.test_cli_and_run_audit_hardening" name="test_formal_identity_template_cannot_be_loaded_as_a_prepared_identity" time="0.000" /><testcase classname="tests.stage1_sctsr_v4.test_cli_and_run_audit_hardening" name="test_closeout_rejects_synthetic_canary_as_full_implementation_completion" time="1.336" /><testcase classname="tests.stage1_sctsr_v4.test_run_validation" name="test_synthetic_canary_validates" time="1.354" /><testcase classname="tests.stage1_sctsr_v4.test_run_validation" name="test_canary_uses_canonical_parquet_without_portable_fallback" time="1.351" /><testcase classname="tests.stage1_sctsr_v4.test_formal_training" name="test_parent_and_branch_orchestration_preserve_parent_and_never_mislabel_synthetic" time="0.339" /><testcase classname="tests.stage1_sctsr_v4.test_formal_release" name="test_sa_034_valid_owner_mac_requires_complete_frozen_bindings" time="0.000" /><testcase classname="tests.stage1_sctsr_v4.test_formal_release" name="test_sa_035_expired_release_is_rejected_even_with_valid_mac" time="0.000" /><testcase classname="tests.stage1_sctsr_v4.test_formal_release" name="test_sa_036_release_binding_mismatch_is_rejected" time="0.000" /><testcase classname="tests.stage1_sctsr_v4.test_prediction_artifact" name="test_prediction_identity_digest_stable" time="0.002" /><testcase classname="tests.stage1_sctsr_v4.test_prediction_artifact" name="test_duplicate_prediction_rejected" time="0.001" /><testcase classname="tests.stage1_sctsr_v4.test_prediction_artifact" name="test_wrong_split_rejected" time="0.001" /><testcase classname="tests.stage1_sctsr_v4.test_prediction_artifact" name="test_formal_predictions_require_e200" time="0.002" /><testcase classname="tests.stage1_sctsr_v4.test_prediction_artifact" name="test_prediction_partition_written" time="0.014" /><testcase classname="tests.stage1_sctsr_v4.test_evaluation" name="test_frontier_has_96_points" time="0.002" /><testcase classname="tests.stage1_sctsr_v4.test_evaluation" name="test_ties_not_split" time="0.002" /><testcase classname="tests.stage1_sctsr_v4.test_evaluation" name="test_unreachable_target_returns_null" time="0.002" /><testcase classname="tests.stage1_sctsr_v4.test_evaluation" name="test_best_pt_rejected" time="0.001" /><testcase classname="tests.stage1_sctsr_v4.test_evaluation" name="test_formal_non_e200_rejected" time="0.001" /><testcase classname="tests.stage1_sctsr_v4.test_evaluation" name="test_max_fn_zero_supported" time="0.001" /><testcase classname="tests.stage1_sctsr_v4.test_cli_synthetic" name="test_validate_contract_cli" time="0.089" /><testcase classname="tests.stage1_sctsr_v4.test_cli_synthetic" name="test_formal_cli_rejected_without_release" time="1.372" /><testcase classname="tests.stage1_sctsr_v4.test_cli_synthetic" name="test_validate_run_cli" time="2.732" /><testcase classname="tests.stage1_sctsr_v4.test_source_identity" name="test_source_manifest_hashes_registered_files" time="0.040" /><testcase classname="tests.stage1_sctsr_v4.test_completion" name="test_completion_requires_reason_for_every_blocker" time="0.000" /><testcase classname="tests.stage1_sctsr_v4.test_completion" name="test_completion_rejects_prohibited_side_effect" time="0.000" /><testcase classname="tests.stage1_sctsr_v4.test_completion" name="test_completion_state_is_implementation_only" time="0.000" /></testsuite></testsuites>