<?xml version="1.0" encoding="utf-8"?><testsuites name="pytest tests"><testsuite name="pytest" errors="0" failures="0" skipped="0" tests="13" time="0.294" timestamp="2026-08-14T20:27:08.672481+08:00" hostname="zhangdawei"><testcase classname="tests.stage1_sctsr_v4.test_formal_execution_claim" name="test_execution_token_binds_release_registry_and_exact_job" time="0.008" /><testcase classname="tests.stage1_sctsr_v4.test_formal_execution_claim" name="test_execution_token_rejects_job_substitution[arm_id-T_U]" time="0.006" /><testcase classname="tests.stage1_sctsr_v4.test_formal_execution_claim" name="test_execution_token_rejects_job_substitution[training_seed-102]" time="0.006" /><testcase classname="tests.stage1_sctsr_v4.test_formal_execution_claim" name="test_execution_token_rejects_job_substitution[output_root_digest-9999999999999999999999999999999999999999999999999999999999999999]" time="0.006" /><testcase classname="tests.stage1_sctsr_v4.test_formal_execution_claim" name="test_execution_token_rejects_job_substitution[action-RESUME]" time="0.006" /><testcase classname="tests.stage1_sctsr_v4.test_formal_execution_claim" name="test_execution_token_rejects_job_substitution[resume_from_receipt_digest-4444444444444444444444444444444444444444444444444444444444444444]" time="0.006" /><testcase classname="tests.stage1_sctsr_v4.test_formal_execution_claim" name="test_same_execution_token_can_be_claimed_only_once" time="0.021" /><testcase classname="tests.stage1_sctsr_v4.test_formal_execution_claim" name="test_execution_token_cannot_be_reused_from_a_cloned_claim_registry" time="0.026" /><testcase classname="tests.stage1_sctsr_v4.test_formal_execution_claim" name="test_concurrent_claimers_have_exactly_one_winner" time="0.025" /><testcase classname="tests.stage1_sctsr_v4.test_formal_execution_claim" name="test_one_matrix_release_may_authorize_distinct_job_tokens" time="0.029" /><testcase classname="tests.stage1_sctsr_v4.test_formal_execution_claim" name="test_corrupt_existing_claim_is_never_overwritten" time="0.011" /><testcase classname="tests.stage1_sctsr_v4.test_formal_execution_claim" name="test_claim_and_token_are_snapshotted_and_tamper_is_rejected" time="0.070" /><testcase classname="tests.stage1_sctsr_v4.test_formal_execution_claim" name="test_repository_execution_templates_are_inactive_and_complete" time="0.005" /></testsuite></testsuites>