<?xml version="1.0" encoding="utf-8"?><testsuites name="pytest tests"><testsuite name="pytest" errors="0" failures="0" skipped="0" tests="59" time="33.081" timestamp="2026-08-14T22:14:00.923668+08:00" hostname="zhangdawei"><testcase classname="tests.stage1_sctsr_v4.test_run_intent_acknowledgement" name="test_valid_run_intent_acknowledgement_binds_job_and_runbook_bytes" time="0.025" /><testcase classname="tests.stage1_sctsr_v4.test_run_intent_acknowledgement" name="test_false_understanding_statement_is_rejected" time="0.020" /><testcase classname="tests.stage1_sctsr_v4.test_run_intent_acknowledgement" name="test_job_substitution_is_rejected[training_seed-2026081499]" time="0.013" /><testcase classname="tests.stage1_sctsr_v4.test_run_intent_acknowledgement" name="test_job_substitution_is_rejected[arm_id-R2_U]" time="0.013" /><testcase classname="tests.stage1_sctsr_v4.test_run_intent_acknowledgement" name="test_job_substitution_is_rejected[output_root-D:/sctsr/other]" time="0.013" /><testcase classname="tests.stage1_sctsr_v4.test_run_intent_acknowledgement" name="test_job_substitution_is_rejected[parent_checkpoint_sha256-FFFFFFFFFFFFFFFFFFFFFFFFFFFFFFFFFFFFFFFFFFFFFFFFFFFFFFFFFFFFFFFF]" time="0.013" /><testcase classname="tests.stage1_sctsr_v4.test_run_intent_acknowledgement" name="test_job_substitution_is_rejected[schedule_digest-FFFFFFFFFFFFFFFFFFFFFFFFFFFFFFFFFFFFFFFFFFFFFFFFFFFFFFFFFFFFFFFF]" time="0.015" /><testcase classname="tests.stage1_sctsr_v4.test_run_intent_acknowledgement" name="test_job_substitution_is_rejected[execution_token_sha256-FFFFFFFFFFFFFFFFFFFFFFFFFFFFFFFFFFFFFFFFFFFFFFFFFFFFFFFFFFFFFFFF]" time="0.013" /><testcase classname="tests.stage1_sctsr_v4.test_run_intent_acknowledgement" name="test_runbook_document_drift_invalidates_acknowledgement" time="0.014" /><testcase classname="tests.stage1_sctsr_v4.test_run_intent_acknowledgement" name="test_acknowledgement_digest_tamper_is_rejected" time="0.021" /><testcase classname="tests.stage1_sctsr_v4.test_run_intent_acknowledgement" name="test_published_run_intent_snapshot_is_immutable_and_closeout_verifiable" time="0.063" /><testcase classname="tests.stage1_sctsr_v4.test_run_intent_acknowledgement" name="test_closeout_rejects_runbook_drift_after_snapshot_publication" time="0.055" /><testcase classname="tests.stage1_sctsr_v4.test_run_intent_acknowledgement" name="test_formal_training_rejects_missing_run_intent_before_dataset_iteration" time="0.001" /><testcase classname="tests.stage1_sctsr_v4.test_cli_contract_hardening" name="test_branch_cli_exposes_identity_pool_and_parent_artifact_index" time="1.604" /><testcase classname="tests.stage1_sctsr_v4.test_cli_contract_hardening" name="test_formal_parent_fails_before_output_without_execution_token_or_claim_registry" time="1.569" /><testcase classname="tests.stage1_sctsr_v4.test_cli_contract_hardening" name="test_formal_endpoint_model_split_and_batch_are_frozen_in_runtime_policy" time="0.000" /><testcase classname="tests.stage1_sctsr_v4.test_cli_contract_hardening" name="test_asset_cli_cannot_skip_registered_large_file_hashes" time="0.082" /><testcase classname="tests.stage1_sctsr_v4.test_cli_contract_hardening" name="test_split_bundle_cli_only_exposes_registered_validation_roles" time="0.080" /><testcase classname="tests.stage1_sctsr_v4.test_cli_contract_hardening" name="test_source_manifest_cli_uses_registered_source_roots" time="0.104" /><testcase classname="tests.stage1_sctsr_v4.test_cli_contract_hardening" name="test_pool_cli_cannot_accept_an_absolute_base_denominator" time="1.503" /><testcase classname="tests.stage1_sctsr_v4.test_cli_contract_hardening" name="test_validate_schedule_rejects_partial_formal_matrix" time="1.581" /><testcase classname="tests.stage1_sctsr_v4.test_cli_contract_hardening" name="test_build_identity_pool_rejects_placeholder_formal_hashes" time="1.528" /><testcase classname="tests.stage1_sctsr_v4.test_cli_contract_hardening" name="test_formal_identity_template_names_every_runtime_binding" time="0.000" /><testcase classname="tests.stage1_sctsr_v4.test_cli_contract_hardening" name="test_run_intent_control_plane_has_explicit_build_and_validation_clis" time="1.636" /><testcase classname="tests.stage1_sctsr_v4.test_formal_resume" name="test_formal_resume_restores_last_complete_checkpoint_history_and_quarantines_partial" time="1.199" /><testcase classname="tests.stage1_sctsr_v4.test_formal_resume" name="test_formal_resume_rejects_checkpoint_rng_not_bound_by_epoch_summary" time="0.102" /><testcase classname="tests.stage1_sctsr_v4.test_formal_resume" name="test_formal_resume_rejects_static_asset_or_generation_chain_mismatch" time="0.075" /><testcase classname="tests.stage1_sctsr_v4.test_formal_resume" name="test_formal_resume_rejects_already_complete_run" time="0.105" /><testcase classname="tests.stage1_sctsr_v4.test_formal_resume" name="test_branch_runner_continues_at_resume_epoch_without_overwriting_completed_generation" time="0.392" /><testcase classname="tests.stage1_sctsr_v4.test_formal_resume" name="test_formal_runner_cli_exposes_explicit_resume_and_isolated_setup_flags[run_common_parent.py]" time="1.577" /><testcase classname="tests.stage1_sctsr_v4.test_formal_resume" name="test_formal_runner_cli_exposes_explicit_resume_and_isolated_setup_flags[run_branch.py]" time="1.554" /><testcase classname="tests.stage1_sctsr_v4.test_formal_execution_claim" name="test_execution_token_binds_release_registry_and_exact_job" time="0.007" /><testcase classname="tests.stage1_sctsr_v4.test_formal_execution_claim" name="test_execution_token_rejects_job_substitution[arm_id-T_U]" time="0.006" /><testcase classname="tests.stage1_sctsr_v4.test_formal_execution_claim" name="test_execution_token_rejects_job_substitution[training_seed-102]" time="0.006" /><testcase classname="tests.stage1_sctsr_v4.test_formal_execution_claim" name="test_execution_token_rejects_job_substitution[output_root_digest-9999999999999999999999999999999999999999999999999999999999999999]" time="0.006" /><testcase classname="tests.stage1_sctsr_v4.test_formal_execution_claim" name="test_execution_token_rejects_job_substitution[action-RESUME]" time="0.006" /><testcase classname="tests.stage1_sctsr_v4.test_formal_execution_claim" name="test_execution_token_rejects_job_substitution[resume_from_receipt_digest-4444444444444444444444444444444444444444444444444444444444444444]" time="0.006" /><testcase classname="tests.stage1_sctsr_v4.test_formal_execution_claim" name="test_same_execution_token_can_be_claimed_only_once" time="0.022" /><testcase classname="tests.stage1_sctsr_v4.test_formal_execution_claim" name="test_execution_token_cannot_be_reused_from_a_cloned_claim_registry" time="0.026" /><testcase classname="tests.stage1_sctsr_v4.test_formal_execution_claim" name="test_concurrent_claimers_have_exactly_one_winner" time="0.027" /><testcase classname="tests.stage1_sctsr_v4.test_formal_execution_claim" name="test_one_matrix_release_may_authorize_distinct_job_tokens" time="0.030" /><testcase classname="tests.stage1_sctsr_v4.test_formal_execution_claim" name="test_corrupt_existing_claim_is_never_overwritten" time="0.013" /><testcase classname="tests.stage1_sctsr_v4.test_formal_execution_claim" name="test_claim_and_token_are_snapshotted_and_tamper_is_rejected" time="0.074" /><testcase classname="tests.stage1_sctsr_v4.test_formal_execution_claim" name="test_repository_execution_templates_are_inactive_and_complete" time="0.000" /><testcase classname="tests.stage1_sctsr_v4.test_cli_and_run_audit_hardening" name="test_validate_run_rejects_indexed_but_semantically_empty_shell" time="0.012" /><testcase classname="tests.stage1_sctsr_v4.test_cli_and_run_audit_hardening" name="test_validate_run_detects_missing_required_canary_partition_even_after_reindex" time="7.317" /><testcase classname="tests.stage1_sctsr_v4.test_cli_and_run_audit_hardening" name="test_evaluate_cli_rejects_arbitrary_raw_json_even_with_loadable_checkpoint" time="1.425" /><testcase classname="tests.stage1_sctsr_v4.test_cli_and_run_audit_hardening" name="test_evaluate_cli_revalidates_registered_prediction_and_writes_partitioned_frontier" time="1.711" /><testcase classname="tests.stage1_sctsr_v4.test_cli_and_run_audit_hardening" name="test_formal_runner_cli_exposes_trust_and_binding_arguments" time="3.142" /><testcase classname="tests.stage1_sctsr_v4.test_cli_and_run_audit_hardening" name="test_formal_closeout_rejects_missing_execution_attempt_snapshot" time="0.001" /><testcase classname="tests.stage1_sctsr_v4.test_cli_and_run_audit_hardening" name="test_formal_identity_template_cannot_be_loaded_as_a_prepared_identity" time="0.001" /><testcase classname="tests.stage1_sctsr_v4.test_cli_and_run_audit_hardening" name="test_closeout_rejects_synthetic_canary_as_full_implementation_completion" time="1.428" /><testcase classname="tests.stage1_sctsr_v4.test_cli_and_run_audit_hardening" name="test_closeout_requires_the_detailed_taskbook_self_audit" time="1.419" /><testcase classname="tests.stage1_sctsr_v4.test_schema_registry" name="test_schema_registry_passes" time="0.001" /><testcase classname="tests.stage1_sctsr_v4.test_schema_registry" name="test_schema_registry_missing_frozen_entry_rejected" time="0.001" /><testcase classname="tests.stage1_sctsr_v4.test_schema_registry" name="test_schema_registry_rejects_stale_or_unregistered_public_schema" time="0.000" /><testcase classname="tests.stage1_sctsr_v4.test_schema_registry" name="test_schema_registry_registers_formal_input_and_detailed_self_audit_schemas" time="0.000" /><testcase classname="tests.stage1_sctsr_v4.test_schema_registry" name="test_schema_registry_registers_one_attempt_formal_execution_schemas" time="0.000" /><testcase classname="tests.stage1_sctsr_v4.test_schema_registry" name="test_schema_registry_registers_r2_specification_audit" time="0.001" /></testsuite></testsuites>