<?xml version="1.0" encoding="utf-8"?><testsuites name="pytest tests"><testsuite name="pytest" errors="0" failures="0" skipped="0" tests="16" time="0.270" timestamp="2026-08-14T22:02:20.196377+08:00" hostname="zhangdawei"><testcase classname="tests.stage1_sctsr_v4.test_run_intent_acknowledgement" name="test_valid_run_intent_acknowledgement_binds_job_and_runbook_bytes" time="0.025" /><testcase classname="tests.stage1_sctsr_v4.test_run_intent_acknowledgement" name="test_false_understanding_statement_is_rejected" time="0.025" /><testcase classname="tests.stage1_sctsr_v4.test_run_intent_acknowledgement" name="test_job_substitution_is_rejected[training_seed-2026081499]" time="0.013" /><testcase classname="tests.stage1_sctsr_v4.test_run_intent_acknowledgement" name="test_job_substitution_is_rejected[arm_id-R2_U]" time="0.012" /><testcase classname="tests.stage1_sctsr_v4.test_run_intent_acknowledgement" name="test_job_substitution_is_rejected[output_root-D:/sctsr/other]" time="0.013" /><testcase classname="tests.stage1_sctsr_v4.test_run_intent_acknowledgement" name="test_job_substitution_is_rejected[parent_checkpoint_sha256-FFFFFFFFFFFFFFFFFFFFFFFFFFFFFFFFFFFFFFFFFFFFFFFFFFFFFFFFFFFFFFFF]" time="0.013" /><testcase classname="tests.stage1_sctsr_v4.test_run_intent_acknowledgement" name="test_job_substitution_is_rejected[schedule_digest-FFFFFFFFFFFFFFFFFFFFFFFFFFFFFFFFFFFFFFFFFFFFFFFFFFFFFFFFFFFFFFFF]" time="0.022" /><testcase classname="tests.stage1_sctsr_v4.test_run_intent_acknowledgement" name="test_job_substitution_is_rejected[execution_token_sha256-FFFFFFFFFFFFFFFFFFFFFFFFFFFFFFFFFFFFFFFFFFFFFFFFFFFFFFFFFFFFFFFF]" time="0.028" /><testcase classname="tests.stage1_sctsr_v4.test_run_intent_acknowledgement" name="test_runbook_document_drift_invalidates_acknowledgement" time="0.027" /><testcase classname="tests.stage1_sctsr_v4.test_run_intent_acknowledgement" name="test_acknowledgement_digest_tamper_is_rejected" time="0.035" /><testcase classname="tests.stage1_sctsr_v4.test_schema_registry" name="test_schema_registry_passes" time="0.001" /><testcase classname="tests.stage1_sctsr_v4.test_schema_registry" name="test_schema_registry_missing_frozen_entry_rejected" time="0.000" /><testcase classname="tests.stage1_sctsr_v4.test_schema_registry" name="test_schema_registry_rejects_stale_or_unregistered_public_schema" time="0.000" /><testcase classname="tests.stage1_sctsr_v4.test_schema_registry" name="test_schema_registry_registers_formal_input_and_detailed_self_audit_schemas" time="0.000" /><testcase classname="tests.stage1_sctsr_v4.test_schema_registry" name="test_schema_registry_registers_one_attempt_formal_execution_schemas" time="0.000" /><testcase classname="tests.stage1_sctsr_v4.test_schema_registry" name="test_schema_registry_registers_r2_specification_audit" time="0.000" /></testsuite></testsuites>