<?xml version="1.0" encoding="utf-8"?><testsuites name="pytest tests"><testsuite name="pytest" errors="0" failures="0" skipped="0" tests="52" time="6.627" timestamp="2026-08-14T21:47:13.829387+08:00" hostname="zhangdawei"><testcase classname="tests.stage1_sctsr_v4.test_formal_epoch_cleanup" name="test_cleanup_error_does_not_skip_epoch_transaction_abort_or_replace_primary_failure" time="0.000" /><testcase classname="tests.stage1_sctsr_v4.test_formal_epoch_cleanup" name="test_both_cleanup_failures_are_attached_to_primary_failure" time="0.000" /><testcase classname="tests.stage1_sctsr_v4.test_formal_epoch_cleanup" name="test_transaction_is_aborted_when_recorder_construction_failed" time="0.000" /><testcase classname="tests.stage1_sctsr_v4.test_formal_epoch_cleanup" name="test_recorder_abort_attempts_both_writers_when_telemetry_stop_fails" time="0.000" /><testcase classname="tests.stage1_sctsr_v4.test_evidence_runtime_integration" name="test_real_epoch_evidence_is_streamed_bound_and_atomically_published" time="0.370" /><testcase classname="tests.stage1_sctsr_v4.test_evidence_runtime_integration" name="test_epoch_evidence_persists_real_dataloader_wait_sum" time="0.120" /><testcase classname="tests.stage1_sctsr_v4.test_evidence_transaction_hardening" name="test_sa_130_to_135_occurrence_schema_rejects_every_missing_required_field[replay_count_before]" time="0.000" /><testcase classname="tests.stage1_sctsr_v4.test_evidence_transaction_hardening" name="test_sa_130_to_135_occurrence_schema_rejects_every_missing_required_field[last_replay_epoch_reason]" time="0.000" /><testcase classname="tests.stage1_sctsr_v4.test_evidence_transaction_hardening" name="test_sa_130_to_135_occurrence_schema_rejects_every_missing_required_field[epochs_since_last_replay_reason]" time="0.000" /><testcase classname="tests.stage1_sctsr_v4.test_evidence_transaction_hardening" name="test_sa_130_to_135_occurrence_schema_rejects_every_missing_required_field[oof_reference_reason]" time="0.000" /><testcase classname="tests.stage1_sctsr_v4.test_evidence_transaction_hardening" name="test_sa_130_to_135_occurrence_schema_rejects_every_missing_required_field[rho_reason]" time="0.000" /><testcase classname="tests.stage1_sctsr_v4.test_evidence_transaction_hardening" name="test_sa_130_to_135_occurrence_schema_rejects_every_missing_required_field[planned_replay_epoch_reason]" time="0.000" /><testcase classname="tests.stage1_sctsr_v4.test_evidence_transaction_hardening" name="test_sa_130_to_135_occurrence_schema_rejects_every_missing_required_field[cumulative_replay_count_after]" time="0.000" /><testcase classname="tests.stage1_sctsr_v4.test_evidence_transaction_hardening" name="test_sa_130_to_135_occurrence_schema_rejects_every_missing_required_field[fallback_state]" time="0.000" /><testcase classname="tests.stage1_sctsr_v4.test_evidence_transaction_hardening" name="test_sa_134_replay_count_and_last_exposure_are_conserved" time="0.000" /><testcase classname="tests.stage1_sctsr_v4.test_evidence_transaction_hardening" name="test_sa_142_nullable_occurrence_value_requires_registered_reason" time="0.000" /><testcase classname="tests.stage1_sctsr_v4.test_evidence_transaction_hardening" name="test_sa_131_and_136_step_schema_rejects_missing_required_field[replay_rate_numerator]" time="0.000" /><testcase classname="tests.stage1_sctsr_v4.test_evidence_transaction_hardening" name="test_sa_131_and_136_step_schema_rejects_missing_required_field[base_loss_items]" time="0.000" /><testcase classname="tests.stage1_sctsr_v4.test_evidence_transaction_hardening" name="test_sa_131_and_136_step_schema_rejects_missing_required_field[parameter_grad_norm_before_clip]" time="0.000" /><testcase classname="tests.stage1_sctsr_v4.test_evidence_transaction_hardening" name="test_sa_131_and_136_step_schema_rejects_missing_required_field[learning_rates]" time="0.000" /><testcase classname="tests.stage1_sctsr_v4.test_evidence_transaction_hardening" name="test_sa_131_and_136_step_schema_rejects_missing_required_field[optimizer_hyperparameters]" time="0.000" /><testcase classname="tests.stage1_sctsr_v4.test_evidence_transaction_hardening" name="test_sa_131_and_136_step_schema_rejects_missing_required_field[amp_reason]" time="0.000" /><testcase classname="tests.stage1_sctsr_v4.test_evidence_transaction_hardening" name="test_sa_131_and_136_step_schema_rejects_missing_required_field[bn_reason]" time="0.000" /><testcase classname="tests.stage1_sctsr_v4.test_evidence_transaction_hardening" name="test_sa_131_and_136_step_schema_rejects_missing_required_field[rng_reason]" time="0.000" /><testcase classname="tests.stage1_sctsr_v4.test_evidence_transaction_hardening" name="test_sa_131_and_136_step_schema_rejects_missing_required_field[base_augmentation_digest]" time="0.000" /><testcase classname="tests.stage1_sctsr_v4.test_evidence_transaction_hardening" name="test_sa_131_and_136_step_schema_rejects_missing_required_field[dataloader_wait_seconds]" time="0.000" /><testcase classname="tests.stage1_sctsr_v4.test_evidence_transaction_hardening" name="test_sa_131_and_136_step_schema_rejects_missing_required_field[row_generation]" time="0.000" /><testcase classname="tests.stage1_sctsr_v4.test_evidence_transaction_hardening" name="test_sa_136_step_rejects_amp_skip_even_when_delta_claims_one" time="0.000" /><testcase classname="tests.stage1_sctsr_v4.test_evidence_transaction_hardening" name="test_sa_137_exposure_schema_rejects_missing_cumulative_or_telemetry_sha" time="0.001" /><testcase classname="tests.stage1_sctsr_v4.test_evidence_transaction_hardening" name="test_sa_144_selection_schema_requires_guard_quota_and_overlap" time="0.000" /><testcase classname="tests.stage1_sctsr_v4.test_evidence_transaction_hardening" name="test_sa_138_pyarrow_is_a_locked_runtime_dependency" time="0.000" /><testcase classname="tests.stage1_sctsr_v4.test_evidence_transaction_hardening" name="test_sa_138_to_140_real_parquet_has_strict_schema_zstd_and_partition_manifest" time="0.017" /><testcase classname="tests.stage1_sctsr_v4.test_evidence_transaction_hardening" name="test_sa_139_ledger_writer_rejects_unpartitioned_large_table" time="0.002" /><testcase classname="tests.stage1_sctsr_v4.test_evidence_transaction_hardening" name="test_sa_143_empty_and_unknown_sentinels_are_rejected" time="0.001" /><testcase classname="tests.stage1_sctsr_v4.test_evidence_transaction_hardening" name="test_sa_150_two_row_bad_cadence_cannot_bypass_validator" time="0.043" /><testcase classname="tests.stage1_sctsr_v4.test_evidence_transaction_hardening" name="test_sa_154_to_157_unavailable_hardware_fields_have_reason_not_fake_zero" time="0.046" /><testcase classname="tests.stage1_sctsr_v4.test_evidence_transaction_hardening" name="test_sa_158_all_critical_providers_unavailable_rejects_closeout" time="0.031" /><testcase classname="tests.stage1_sctsr_v4.test_evidence_transaction_hardening" name="test_sa_221_commit_detects_half_written_json_without_optional_validator" time="0.013" /><testcase classname="tests.stage1_sctsr_v4.test_evidence_transaction_hardening" name="test_sa_221_commit_detects_half_written_parquet_without_optional_validator" time="0.013" /><testcase classname="tests.stage1_sctsr_v4.test_evidence_transaction_hardening" name="test_sa_221_generation_manifest_binds_file_sha_and_telemetry_partition" time="0.032" /><testcase classname="tests.stage1_sctsr_v4.test_evidence_transaction_hardening" name="test_sa_227_tampered_generation_manifest_is_rejected_by_recovery_pointer" time="0.031" /><testcase classname="tests.stage1_sctsr_v4.test_evidence_transaction_hardening" name="test_sa_230_corrupt_latest_complete_generation_is_not_resumable" time="0.069" /><testcase classname="tests.stage1_sctsr_v4.test_evidence_transaction_hardening" name="test_sa_229_resume_identity_binds_rng_and_receipt_chain" time="0.000" /><testcase classname="tests.stage1_sctsr_v4.test_evidence_transaction_hardening" name="test_sa_231_repeated_quarantine_never_overwrites_previous_evidence" time="0.036" /><testcase classname="tests.stage1_sctsr_v4.test_evidence_transaction_hardening" name="test_sa_232_and_233_checkpoint_retention_keeps_anchors_and_last_two" time="0.000" /><testcase classname="tests.stage1_sctsr_v4.test_formal_resume" name="test_formal_resume_restores_last_complete_checkpoint_history_and_quarantines_partial" time="0.901" /><testcase classname="tests.stage1_sctsr_v4.test_formal_resume" name="test_formal_resume_rejects_checkpoint_rng_not_bound_by_epoch_summary" time="0.096" /><testcase classname="tests.stage1_sctsr_v4.test_formal_resume" name="test_formal_resume_rejects_static_asset_or_generation_chain_mismatch" time="0.079" /><testcase classname="tests.stage1_sctsr_v4.test_formal_resume" name="test_formal_resume_rejects_already_complete_run" time="0.092" /><testcase classname="tests.stage1_sctsr_v4.test_formal_resume" name="test_branch_runner_continues_at_resume_epoch_without_overwriting_completed_generation" time="0.376" /><testcase classname="tests.stage1_sctsr_v4.test_formal_resume" name="test_formal_runner_cli_exposes_explicit_resume_and_isolated_setup_flags[run_common_parent.py]" time="1.510" /><testcase classname="tests.stage1_sctsr_v4.test_formal_resume" name="test_formal_runner_cli_exposes_explicit_resume_and_isolated_setup_flags[run_branch.py]" time="1.500" /></testsuite></testsuites>