<?xml version="1.0" encoding="utf-8"?><testsuites name="pytest tests"><testsuite name="pytest" errors="0" failures="0" skipped="0" tests="4" time="3.260" timestamp="2026-08-14T19:30:27.198597+08:00" hostname="zhangdawei"><testcase classname="tests.stage1_sctsr_v4.test_epoch_publication_recovery" name="test_post_rename_pre_receipt_failure_quarantines_complete" time="0.031" /><testcase classname="tests.stage1_sctsr_v4.test_epoch_publication_recovery" name="test_post_receipt_index_failure_repairs_secondary_metadata" time="0.045" /><testcase classname="tests.stage1_sctsr_v4.test_epoch_publication_recovery" name="test_post_index_pointer_failure_repairs_pointer" time="0.043" /><testcase classname="tests.stage1_sctsr_v4.test_epoch_publication_recovery" name="test_next_begin_quarantines_unreceipted_complete_left_by_process_death" time="0.016" /></testsuite></testsuites>