<?xml version="1.0" encoding="utf-8"?><testsuites name="pytest tests"><testsuite name="pytest" errors="0" failures="0" skipped="0" tests="45" time="2.441" timestamp="2026-08-13T18:04:59.014813+08:00" hostname="zhangdawei"><testcase classname="tests.stage1_sctsr_v4.test_prediction_artifact" name="test_prediction_identity_digest_stable" time="0.002" /><testcase classname="tests.stage1_sctsr_v4.test_prediction_artifact" name="test_duplicate_prediction_rejected" time="0.001" /><testcase classname="tests.stage1_sctsr_v4.test_prediction_artifact" name="test_wrong_split_rejected" time="0.001" /><testcase classname="tests.stage1_sctsr_v4.test_prediction_artifact" name="test_formal_predictions_require_e200" time="0.006" /><testcase classname="tests.stage1_sctsr_v4.test_prediction_artifact" name="test_prediction_partition_written" time="0.225" /><testcase classname="tests.stage1_sctsr_v4.test_prediction_evaluation_hardening" name="test_prediction_rows_require_one_bound_checkpoint_and_split" time="0.001" /><testcase classname="tests.stage1_sctsr_v4.test_prediction_evaluation_hardening" name="test_prediction_probability_must_match_two_class_logits" time="0.001" /><testcase classname="tests.stage1_sctsr_v4.test_prediction_evaluation_hardening" name="test_formal_prediction_write_rejects_unverified_manifest_and_checkpoint" time="0.002" /><testcase classname="tests.stage1_sctsr_v4.test_prediction_evaluation_hardening" name="test_checkpoint_evaluation_requires_existing_loadable_bound_checkpoint" time="0.001" /><testcase classname="tests.stage1_sctsr_v4.test_prediction_evaluation_hardening" name="test_frontier_rejects_unregistered_artifact_bindings" time="0.001" /><testcase classname="tests.stage1_sctsr_v4.test_prediction_evaluation_hardening" name="test_prediction_test_role_is_always_forbidden" time="0.001" /><testcase classname="tests.stage1_sctsr_v4.test_prediction_evaluation_hardening" name="test_formal_prediction_is_bound_to_loadable_checkpoint_and_complete_split" time="0.763" /><testcase classname="tests.stage1_sctsr_v4.test_prediction_evaluation_hardening" name="test_formal_prediction_rejects_missing_extra_or_wrong_split_rows" time="0.077" /><testcase classname="tests.stage1_sctsr_v4.test_prediction_evaluation_hardening" name="test_checkpoint_binding_rejects_wrong_sha" time="0.042" /><testcase classname="tests.stage1_sctsr_v4.test_prediction_evaluation_hardening" name="test_tie_safe_frontier_golden_points_and_independent_anchors" time="0.001" /><testcase classname="tests.stage1_sctsr_v4.test_prediction_evaluation_hardening" name="test_formal_frontier_writer_requires_all_96_points" time="0.002" /><testcase classname="tests.stage1_sctsr_v4.test_evaluation" name="test_frontier_has_96_points" time="0.002" /><testcase classname="tests.stage1_sctsr_v4.test_evaluation" name="test_ties_not_split" time="0.002" /><testcase classname="tests.stage1_sctsr_v4.test_evaluation" name="test_unreachable_target_returns_null" time="0.002" /><testcase classname="tests.stage1_sctsr_v4.test_evaluation" name="test_best_pt_rejected" time="0.001" /><testcase classname="tests.stage1_sctsr_v4.test_evaluation" name="test_formal_non_e200_rejected" time="0.001" /><testcase classname="tests.stage1_sctsr_v4.test_evaluation" name="test_max_fn_zero_supported" time="0.001" /><testcase classname="tests.stage1_sctsr_v4.test_statistics" name="test_exact_sign_flip_small_n" time="0.000" /><testcase classname="tests.stage1_sctsr_v4.test_statistics" name="test_missing_pair_fails" time="0.000" /><testcase classname="tests.stage1_sctsr_v4.test_statistics" name="test_discovery_7_of_8_advances" time="0.000" /><testcase classname="tests.stage1_sctsr_v4.test_statistics" name="test_confirmation_12_of_14_but_negative_worst_contradicted" time="0.014" /><testcase classname="tests.stage1_sctsr_v4.test_statistics" name="test_holm_is_stepdown" time="0.000" /><testcase classname="tests.stage1_sctsr_v4.test_statistics_hardening" name="test_seven_of_eight_negative_deltas_are_contradicted_not_supported" time="0.000" /><testcase classname="tests.stage1_sctsr_v4.test_statistics_hardening" name="test_unreachable_target_anchor_fails_confirmation_closed" time="0.014" /><testcase classname="tests.stage1_sctsr_v4.test_statistics_hardening" name="test_holm_rejects_invalid_raw_p_values[-0.1]" time="0.000" /><testcase classname="tests.stage1_sctsr_v4.test_statistics_hardening" name="test_holm_rejects_invalid_raw_p_values[1.1]" time="0.000" /><testcase classname="tests.stage1_sctsr_v4.test_statistics_hardening" name="test_holm_rejects_invalid_raw_p_values[nan]" time="0.000" /><testcase classname="tests.stage1_sctsr_v4.test_statistics_hardening" name="test_holm_rejects_invalid_raw_p_values[inf]" time="0.000" /><testcase classname="tests.stage1_sctsr_v4.test_statistics_hardening" name="test_holm_requires_complete_frozen_c01_to_c08_family" time="0.000" /><testcase classname="tests.stage1_sctsr_v4.test_statistics_hardening" name="test_confirmation_allows_twelve_positive_and_two_zero_with_nonnegative_worst" time="0.003" /><testcase classname="tests.stage1_sctsr_v4.test_statistics_hardening" name="test_holm_golden_threshold_adjustment_and_stepdown_stop" time="0.000" /><testcase classname="tests.stage1_sctsr_v4.test_statistics_hardening" name="test_registered_contrast_family_is_complete_but_not_yet_formally_frozen" time="0.001" /><testcase classname="tests.stage1_sctsr_v4.test_completion" name="test_completion_requires_reason_for_every_blocker" time="0.000" /><testcase classname="tests.stage1_sctsr_v4.test_completion" name="test_completion_rejects_prohibited_side_effect" time="0.000" /><testcase classname="tests.stage1_sctsr_v4.test_completion" name="test_completion_state_is_implementation_only" time="0.000" /><testcase classname="tests.stage1_sctsr_v4.test_completion_hardening" name="test_completion_rejects_incomplete_arbitrary_check_map" time="0.000" /><testcase classname="tests.stage1_sctsr_v4.test_completion_hardening" name="test_implementation_check_may_not_be_hidden_as_blocked" time="0.000" /><testcase classname="tests.stage1_sctsr_v4.test_completion_hardening" name="test_completion_requires_canonical_source_digest" time="0.000" /><testcase classname="tests.stage1_sctsr_v4.test_completion_hardening" name="test_strict_completion_requires_per_check_command_and_log_evidence" time="0.000" /><testcase classname="tests.stage1_sctsr_v4.test_completion_hardening" name="test_legacy_gate_flags_do_not_masquerade_as_active_v4_side_effects" time="0.000" /></testsuite></testsuites>