<?xml version="1.0" encoding="utf-8"?><testsuites name="pytest tests"><testsuite name="pytest" errors="0" failures="0" skipped="0" tests="24" time="0.084" timestamp="2026-08-13T18:12:13.764450+08:00" hostname="zhangdawei"><testcase classname="tests.stage1_sctsr_v4.test_qrad_contract" name="test_weighted_qrad_rejected" time="0.001" /><testcase classname="tests.stage1_sctsr_v4.test_qrad_contract" name="test_target_alignment_blocked_without_val_target" time="0.000" /><testcase classname="tests.stage1_sctsr_v4.test_qrad_contract" name="test_candidate_signal_cannot_be_called_utility" time="0.000" /><testcase classname="tests.stage1_sctsr_v4.test_qrad_contract" name="test_candidate_signal_nonutility_allowed" time="0.000" /><testcase classname="tests.stage1_sctsr_v4.test_short_branch_scaffold" name="test_disabled_short_branch_schema_valid" time="0.000" /><testcase classname="tests.stage1_sctsr_v4.test_short_branch_scaffold" name="test_enabled_before_gate_rejected" time="0.000" /><testcase classname="tests.stage1_sctsr_v4.test_short_branch_scaffold" name="test_rl_selector_forbidden_even_after_gate" time="0.000" /><testcase classname="tests.stage1_sctsr_v4.test_seed_registry" name="test_blocked_registry_is_valid_development_state" time="0.000" /><testcase classname="tests.stage1_sctsr_v4.test_seed_registry" name="test_overlapping_seed_rejected" time="0.000" /><testcase classname="tests.stage1_sctsr_v4.test_seed_registry" name="test_formal_requires_8_and_14" time="0.000" /><testcase classname="tests.stage1_sctsr_v4.test_qrad_scaffold_hardening" name="test_nested_weighted_qrad_is_rejected_recursively" time="0.000" /><testcase classname="tests.stage1_sctsr_v4.test_qrad_scaffold_hardening" name="test_current_baseline_cannot_enable_a_even_when_caller_claims_target_available" time="0.000" /><testcase classname="tests.stage1_sctsr_v4.test_qrad_scaffold_hardening" name="test_candidate_signal_semantic_must_be_an_exact_registered_nonutility_token" time="0.000" /><testcase classname="tests.stage1_sctsr_v4.test_qrad_scaffold_hardening" name="test_short_branch_rejects_unbound_or_same_treatment_and_r2_pools" time="0.000" /><testcase classname="tests.stage1_sctsr_v4.test_qrad_scaffold_hardening" name="test_predictor_requires_more_than_a_boolean_phase1_claim" time="0.000" /><testcase classname="tests.stage1_sctsr_v4.test_qrad_scaffold_hardening" name="test_blocked_seed_registry_cannot_smuggle_formal_seed_values" time="0.000" /><testcase classname="tests.stage1_sctsr_v4.test_qrad_scaffold_hardening" name="test_formal_seed_state_string_alone_is_not_release_authorization" time="0.000" /><testcase classname="tests.stage1_sctsr_v4.test_qrad_scaffold_hardening" name="test_disabled_phase2_config_is_sha_bound_and_every_action_is_held" time="0.001" /><testcase classname="tests.stage1_sctsr_v4.test_qrad_scaffold_hardening" name="test_qrad_factor_contract_uses_distinct_stage_comparators" time="0.000" /><testcase classname="tests.stage1_sctsr_v4.test_qrad_scaffold_hardening" name="test_predictor_feature_row_is_vector_label_with_a_explicitly_blocked" time="0.000" /><testcase classname="tests.stage1_sctsr_v4.test_qrad_scaffold_hardening" name="test_future_short_branch_requires_zero_overlap_memberships_and_quota_digest" time="0.000" /><testcase classname="tests.stage1_sctsr_v4.test_qrad_scaffold_hardening" name="test_caller_booleans_cannot_enable_short_branch_or_predictor_in_current_baseline" time="0.000" /><testcase classname="tests.stage1_sctsr_v4.test_qrad_scaffold_hardening" name="test_future_target_registration_interface_checks_bytes_roles_formula_and_lag" time="0.005" /><testcase classname="tests.stage1_sctsr_v4.test_qrad_scaffold_hardening" name="test_safety_vector_rejects_dual_end_degradation_as_pass" time="0.000" /></testsuite></testsuites>