<?xml version="1.0" encoding="utf-8"?><testsuites name="pytest tests"><testsuite name="pytest" errors="0" failures="0" skipped="0" tests="24" time="2.540" timestamp="2026-08-13T15:57:50.095671+08:00" hostname="zhangdawei"><testcase classname="tests.stage1_sctsr_v4.test_checkpoint_hardening" name="test_sa_084_windows_atomic_checkpoint_write_is_durable" time="0.785" /><testcase classname="tests.stage1_sctsr_v4.test_checkpoint_hardening" name="test_sa_087_parent_checkpoint_is_immutable_after_publication" time="0.064" /><testcase classname="tests.stage1_sctsr_v4.test_checkpoint_hardening" name="test_sa_085_forged_checkpoint_payload_digest_is_rejected" time="0.032" /><testcase classname="tests.stage1_sctsr_v4.test_checkpoint_hardening" name="test_sa_082_checkpoint_digest_covers_optimizer_and_rng_state" time="0.020" /><testcase classname="tests.stage1_sctsr_v4.test_checkpoint_hardening" name="test_sa_080_same_payload_serializes_to_identical_parent_bytes" time="0.078" /><testcase classname="tests.stage1_sctsr_v4.test_checkpoint_hardening" name="test_sa_086_lineage_rejects_forged_digest" time="0.000" /><testcase classname="tests.stage1_sctsr_v4.test_checkpoint_hardening" name="test_sa_084_to_087_lineage_validates_the_bound_parent_file" time="0.077" /><testcase classname="tests.stage1_sctsr_v4.test_checkpoint_hardening" name="test_sa_085_lineage_rejects_parent_with_wrong_seed" time="0.066" /><testcase classname="tests.stage1_sctsr_v4.test_checkpoint_hardening" name="test_sa_085_lineage_rejects_wrong_child_source_binding" time="0.043" /><testcase classname="tests.stage1_sctsr_v4.test_checkpoint_hardening" name="test_sa_087_logical_index_rejects_incomplete_e1_e200_timeline" time="0.000" /><testcase classname="tests.stage1_sctsr_v4.test_checkpoint_hardening" name="test_sa_088_logical_index_rejects_absolute_or_unhashed_entries" time="0.000" /><testcase classname="tests.stage1_sctsr_v4.test_checkpoint_hardening" name="test_sa_088_and_089_complete_logical_timeline_maps_parent_then_child" time="0.002" /><testcase classname="tests.stage1_sctsr_v4.test_checkpoint_hardening" name="test_sa_090_child_tree_rejects_forged_prebranch_epoch" time="0.002" /><testcase classname="tests.stage1_sctsr_v4.test_common_parent" name="test_sa_082_complete_parent_payload_valid" time="0.023" /><testcase classname="tests.stage1_sctsr_v4.test_common_parent" name="test_sa_085_parent_wrong_epoch_rejected" time="0.011" /><testcase classname="tests.stage1_sctsr_v4.test_common_parent" name="test_sa_085_parent_wrong_seed_rejected" time="0.021" /><testcase classname="tests.stage1_sctsr_v4.test_common_parent" name="test_sa_085_parent_wrong_asset_registry_rejected" time="0.021" /><testcase classname="tests.stage1_sctsr_v4.test_common_parent" name="test_sa_083_parent_wrong_global_step_and_ema_count_rejected" time="0.063" /><testcase classname="tests.stage1_sctsr_v4.test_common_parent" name="test_sa_083_parent_spec_requires_runtime_and_asset_identities" time="0.000" /><testcase classname="tests.stage1_sctsr_v4.test_common_parent" name="test_sa_080_parent_spec_requires_zero_replay" time="0.000" /><testcase classname="tests.stage1_sctsr_v4.test_branch_lineage" name="test_lineage_recomputes_and_validates" time="0.000" /><testcase classname="tests.stage1_sctsr_v4.test_branch_lineage" name="test_lineage_wrong_parent_rejected" time="0.001" /><testcase classname="tests.stage1_sctsr_v4.test_logical_artifact_index" name="test_parent_and_child_ownership_valid" time="0.000" /><testcase classname="tests.stage1_sctsr_v4.test_logical_artifact_index" name="test_child_cannot_own_prebranch_epoch" time="0.000" /></testsuite></testsuites>