<?xml version="1.0" encoding="utf-8"?><testsuites name="pytest tests"><testsuite name="pytest" errors="0" failures="0" skipped="0" tests="78" time="6.919" timestamp="2026-08-13T15:58:06.627447+08:00" hostname="zhangdawei"><testcase classname="tests.stage1_sctsr_v4.test_asset_hardening" name="test_sa_041_asset_row_count_is_verified_from_csv" time="0.007" /><testcase classname="tests.stage1_sctsr_v4.test_asset_hardening" name="test_sa_042_asset_identity_digest_is_recomputed" time="0.003" /><testcase classname="tests.stage1_sctsr_v4.test_asset_hardening" name="test_sa_043_asset_split_role_is_verified_from_rows" time="0.003" /><testcase classname="tests.stage1_sctsr_v4.test_asset_hardening" name="test_sa_044_base_denominator_is_derived_from_registered_identity" time="0.003" /><testcase classname="tests.stage1_sctsr_v4.test_asset_registry" name="test_asset_registry_validates_exact_file" time="0.002" /><testcase classname="tests.stage1_sctsr_v4.test_asset_registry" name="test_asset_sha_mismatch_fails" time="0.002" /><testcase classname="tests.stage1_sctsr_v4.test_asset_registry" name="test_missing_required_asset_fails" time="0.001" /><testcase classname="tests.stage1_sctsr_v4.test_asset_registry" name="test_val_target_cannot_be_claimed" time="0.001" /><testcase classname="tests.stage1_sctsr_v4.test_contract" name="test_repository_contract_passes" time="0.001" /><testcase classname="tests.stage1_sctsr_v4.test_contract" name="test_anchor_change_rejected" time="0.000" /><testcase classname="tests.stage1_sctsr_v4.test_contract" name="test_best_pt_rejected" time="0.000" /><testcase classname="tests.stage1_sctsr_v4.test_contract" name="test_formal_defaults_off" time="0.000" /><testcase classname="tests.stage1_sctsr_v4.test_contract" name="test_synthetic_authorized_without_release" time="0.000" /><testcase classname="tests.stage1_sctsr_v4.test_contract" name="test_formal_rejected_without_release" time="0.002" /><testcase classname="tests.stage1_sctsr_v4.test_contract_hardening" name="test_sa_030_forged_nonempty_release_signature_is_rejected" time="0.001" /><testcase classname="tests.stage1_sctsr_v4.test_contract_hardening" name="test_sa_031_contract_baseline_identity_is_immutable" time="0.000" /><testcase classname="tests.stage1_sctsr_v4.test_contract_hardening" name="test_sa_032_absolute_budget_is_rejected_in_contract" time="0.000" /><testcase classname="tests.stage1_sctsr_v4.test_contract_hardening" name="test_sa_033_absolute_budget_is_rejected_in_arm" time="0.001" /><testcase classname="tests.stage1_sctsr_v4.test_formal_pool_inputs" name="test_sa_045_registered_t_is_exact_3000_id_frozen_stress_set" time="2.659" /><testcase classname="tests.stage1_sctsr_v4.test_formal_pool_inputs" name="test_sa_046_registered_r1_uses_all_120000_base_candidates" time="0.234" /><testcase classname="tests.stage1_sctsr_v4.test_formal_pool_inputs" name="test_sa_053_registered_r2_fails_closed_on_proven_exact_quota_shortage" time="0.519" /><testcase classname="tests.stage1_sctsr_v4.test_formal_release" name="test_sa_034_valid_owner_mac_requires_complete_frozen_bindings" time="0.001" /><testcase classname="tests.stage1_sctsr_v4.test_formal_release" name="test_sa_035_expired_release_is_rejected_even_with_valid_mac" time="0.000" /><testcase classname="tests.stage1_sctsr_v4.test_formal_release" name="test_sa_036_release_binding_mismatch_is_rejected" time="0.001" /><testcase classname="tests.stage1_sctsr_v4.test_identity_pool" name="test_identity_digest_golden" time="0.000" /><testcase classname="tests.stage1_sctsr_v4.test_identity_pool" name="test_synthetic_t_pool_valid" time="0.019" /><testcase classname="tests.stage1_sctsr_v4.test_identity_pool" name="test_five_groups_equal_and_exhaustive" time="0.000" /><testcase classname="tests.stage1_sctsr_v4.test_identity_pool" name="test_duplicate_pool_rejected" time="0.000" /><testcase classname="tests.stage1_sctsr_v4.test_identity_pool" name="test_t_cannot_be_labeled_validated_selector" time="0.000" /><testcase classname="tests.stage1_sctsr_v4.test_random_controls" name="test_r1_uses_global_universe_and_reports_overlap" time="0.000" /><testcase classname="tests.stage1_sctsr_v4.test_random_controls" name="test_r2_zero_overlap_exact_quota" time="0.000" /><testcase classname="tests.stage1_sctsr_v4.test_random_controls" name="test_r2_infeasible_fails" time="0.000" /><testcase classname="tests.stage1_sctsr_v4.test_random_controls" name="test_terminal_field_guard_does_not_enumerate_forbidden" time="0.000" /><testcase classname="tests.stage1_sctsr_v4.test_rate_spec" name="test_frozen_rates_derive_counts" time="0.000" /><testcase classname="tests.stage1_sctsr_v4.test_rate_spec" name="test_rate_reduces_and_basis_points" time="0.000" /><testcase classname="tests.stage1_sctsr_v4.test_rate_spec" name="test_float_rate_rejected" time="0.000" /><testcase classname="tests.stage1_sctsr_v4.test_rate_spec" name="test_boolean_rate_rejected" time="0.000" /><testcase classname="tests.stage1_sctsr_v4.test_rate_spec" name="test_non_integral_count_rejected" time="0.000" /><testcase classname="tests.stage1_sctsr_v4.test_schedule" name="test_all_eight_schedules_construct" time="0.061" /><testcase classname="tests.stage1_sctsr_v4.test_schedule" name="test_uniform_and_frontloaded_have_same_dose" time="0.061" /><testcase classname="tests.stage1_sctsr_v4.test_schedule" name="test_every_t_identity_has_multiplicity_16" time="0.062" /><testcase classname="tests.stage1_sctsr_v4.test_schedule" name="test_frontloaded_stops_after_160" time="0.062" /><testcase classname="tests.stage1_sctsr_v4.test_schedule" name="test_fallback_and_stop_share_t_prefix" time="0.063" /><testcase classname="tests.stage1_sctsr_v4.test_schedule" name="test_fallback_is_r2_not_no_replay" time="0.062" /><testcase classname="tests.stage1_sctsr_v4.test_schedule" name="test_nr_has_no_replay" time="0.062" /><testcase classname="tests.stage1_sctsr_v4.test_schedule_hardening" name="test_sa_070_forged_plan_digest_is_rejected" time="0.008" /><testcase classname="tests.stage1_sctsr_v4.test_schedule_hardening" name="test_sa_071_empty_treatment_schedule_is_rejected" time="0.010" /><testcase classname="tests.stage1_sctsr_v4.test_schedule_hardening" name="test_sa_072_rate_occurrence_mismatch_is_rejected" time="0.012" /><testcase classname="tests.stage1_sctsr_v4.test_schedule_registry" name="test_sa_069_all_eight_arms_are_required_for_cross_arm_validation" time="0.062" /><testcase classname="tests.stage1_sctsr_v4.test_schedule_registry" name="test_sa_074_cross_arm_registry_binds_t_r1_r2_and_parity" time="0.174" /><testcase classname="tests.stage1_sctsr_v4.test_schema_registry" name="test_schema_registry_passes" time="0.000" /><testcase classname="tests.stage1_sctsr_v4.test_schema_registry" name="test_schema_registry_missing_frozen_entry_rejected" time="0.000" /><testcase classname="tests.stage1_sctsr_v4.test_checkpoint_hardening" name="test_sa_084_windows_atomic_checkpoint_write_is_durable" time="0.746" /><testcase classname="tests.stage1_sctsr_v4.test_checkpoint_hardening" name="test_sa_087_parent_checkpoint_is_immutable_after_publication" time="0.063" /><testcase classname="tests.stage1_sctsr_v4.test_checkpoint_hardening" name="test_sa_085_forged_checkpoint_payload_digest_is_rejected" time="0.030" /><testcase classname="tests.stage1_sctsr_v4.test_checkpoint_hardening" name="test_sa_082_checkpoint_digest_covers_optimizer_and_rng_state" time="0.020" /><testcase classname="tests.stage1_sctsr_v4.test_checkpoint_hardening" name="test_sa_080_same_payload_serializes_to_identical_parent_bytes" time="0.073" /><testcase classname="tests.stage1_sctsr_v4.test_checkpoint_hardening" name="test_sa_086_lineage_rejects_forged_digest" time="0.000" /><testcase classname="tests.stage1_sctsr_v4.test_checkpoint_hardening" name="test_sa_084_to_087_lineage_validates_the_bound_parent_file" time="0.074" /><testcase classname="tests.stage1_sctsr_v4.test_checkpoint_hardening" name="test_sa_085_lineage_rejects_parent_with_wrong_seed" time="0.062" /><testcase classname="tests.stage1_sctsr_v4.test_checkpoint_hardening" name="test_sa_085_lineage_rejects_wrong_child_source_binding" time="0.044" /><testcase classname="tests.stage1_sctsr_v4.test_checkpoint_hardening" name="test_sa_087_logical_index_rejects_incomplete_e1_e200_timeline" time="0.000" /><testcase classname="tests.stage1_sctsr_v4.test_checkpoint_hardening" name="test_sa_088_logical_index_rejects_absolute_or_unhashed_entries" time="0.000" /><testcase classname="tests.stage1_sctsr_v4.test_checkpoint_hardening" name="test_sa_088_and_089_complete_logical_timeline_maps_parent_then_child" time="0.002" /><testcase classname="tests.stage1_sctsr_v4.test_checkpoint_hardening" name="test_sa_090_child_tree_rejects_forged_prebranch_epoch" time="0.002" /><testcase classname="tests.stage1_sctsr_v4.test_common_parent" name="test_sa_082_complete_parent_payload_valid" time="0.022" /><testcase classname="tests.stage1_sctsr_v4.test_common_parent" name="test_sa_085_parent_wrong_epoch_rejected" time="0.011" /><testcase classname="tests.stage1_sctsr_v4.test_common_parent" name="test_sa_085_parent_wrong_seed_rejected" time="0.021" /><testcase classname="tests.stage1_sctsr_v4.test_common_parent" name="test_sa_085_parent_wrong_asset_registry_rejected" time="0.021" /><testcase classname="tests.stage1_sctsr_v4.test_common_parent" name="test_sa_083_parent_wrong_global_step_and_ema_count_rejected" time="0.062" /><testcase classname="tests.stage1_sctsr_v4.test_common_parent" name="test_sa_083_parent_spec_requires_runtime_and_asset_identities" time="0.000" /><testcase classname="tests.stage1_sctsr_v4.test_common_parent" name="test_sa_080_parent_spec_requires_zero_replay" time="0.000" /><testcase classname="tests.stage1_sctsr_v4.test_branch_lineage" name="test_lineage_recomputes_and_validates" time="0.000" /><testcase classname="tests.stage1_sctsr_v4.test_branch_lineage" name="test_lineage_wrong_parent_rejected" time="0.000" /><testcase classname="tests.stage1_sctsr_v4.test_logical_artifact_index" name="test_parent_and_child_ownership_valid" time="0.000" /><testcase classname="tests.stage1_sctsr_v4.test_logical_artifact_index" name="test_child_cannot_own_prebranch_epoch" time="0.000" /><testcase classname="tests.stage1_sctsr_v4.test_rng_isolation" name="test_counter_seed_is_deterministic_and_domain_separated" time="0.001" /><testcase classname="tests.stage1_sctsr_v4.test_rng_isolation" name="test_replay_domain_restores_all_global_rng" time="0.004" /></testsuite></testsuites>