<?xml version="1.0" encoding="utf-8"?><testsuites name="pytest tests"><testsuite name="pytest" errors="0" failures="0" skipped="0" tests="34" time="18.183" timestamp="2026-08-14T19:50:03.909063+08:00" hostname="zhangdawei"><testcase classname="tests.stage1_sctsr_v4.test_formal_execution_claim" name="test_execution_token_binds_release_registry_and_exact_job" time="0.010" /><testcase classname="tests.stage1_sctsr_v4.test_formal_execution_claim" name="test_execution_token_rejects_job_substitution[arm_id-T_U]" time="0.006" /><testcase classname="tests.stage1_sctsr_v4.test_formal_execution_claim" name="test_execution_token_rejects_job_substitution[training_seed-102]" time="0.006" /><testcase classname="tests.stage1_sctsr_v4.test_formal_execution_claim" name="test_execution_token_rejects_job_substitution[output_root_digest-9999999999999999999999999999999999999999999999999999999999999999]" time="0.008" /><testcase classname="tests.stage1_sctsr_v4.test_formal_execution_claim" name="test_execution_token_rejects_job_substitution[action-RESUME]" time="0.006" /><testcase classname="tests.stage1_sctsr_v4.test_formal_execution_claim" name="test_execution_token_rejects_job_substitution[resume_from_receipt_digest-4444444444444444444444444444444444444444444444444444444444444444]" time="0.006" /><testcase classname="tests.stage1_sctsr_v4.test_formal_execution_claim" name="test_same_execution_token_can_be_claimed_only_once" time="0.017" /><testcase classname="tests.stage1_sctsr_v4.test_formal_execution_claim" name="test_one_matrix_release_may_authorize_distinct_job_tokens" time="0.025" /><testcase classname="tests.stage1_sctsr_v4.test_formal_execution_claim" name="test_corrupt_existing_claim_is_never_overwritten" time="0.008" /><testcase classname="tests.stage1_sctsr_v4.test_formal_execution_claim" name="test_claim_and_token_are_snapshotted_and_tamper_is_rejected" time="0.055" /><testcase classname="tests.stage1_sctsr_v4.test_formal_execution_claim" name="test_repository_execution_templates_are_inactive_and_complete" time="0.001" /><testcase classname="tests.stage1_sctsr_v4.test_formal_resume" name="test_formal_resume_restores_last_complete_checkpoint_history_and_quarantines_partial" time="3.113" /><testcase classname="tests.stage1_sctsr_v4.test_formal_resume" name="test_formal_resume_rejects_checkpoint_rng_not_bound_by_epoch_summary" time="0.097" /><testcase classname="tests.stage1_sctsr_v4.test_formal_resume" name="test_formal_resume_rejects_static_asset_or_generation_chain_mismatch" time="0.078" /><testcase classname="tests.stage1_sctsr_v4.test_formal_resume" name="test_formal_resume_rejects_already_complete_run" time="0.093" /><testcase classname="tests.stage1_sctsr_v4.test_formal_resume" name="test_branch_runner_continues_at_resume_epoch_without_overwriting_completed_generation" time="0.370" /><testcase classname="tests.stage1_sctsr_v4.test_formal_resume" name="test_formal_runner_cli_exposes_explicit_resume_and_isolated_setup_flags[run_common_parent.py]" time="1.756" /><testcase classname="tests.stage1_sctsr_v4.test_formal_resume" name="test_formal_runner_cli_exposes_explicit_resume_and_isolated_setup_flags[run_branch.py]" time="1.559" /><testcase classname="tests.stage1_sctsr_v4.test_formal_training" name="test_parent_and_branch_orchestration_preserve_parent_and_never_mislabel_synthetic" time="0.110" /><testcase classname="tests.stage1_sctsr_v4.test_cli_contract_hardening" name="test_branch_cli_exposes_identity_pool_and_parent_artifact_index" time="1.517" /><testcase classname="tests.stage1_sctsr_v4.test_cli_contract_hardening" name="test_formal_parent_fails_before_output_without_execution_token_or_claim_registry" time="1.505" /><testcase classname="tests.stage1_sctsr_v4.test_cli_contract_hardening" name="test_formal_endpoint_model_split_and_batch_are_frozen_in_runtime_policy" time="0.000" /><testcase classname="tests.stage1_sctsr_v4.test_cli_contract_hardening" name="test_asset_cli_cannot_skip_registered_large_file_hashes" time="0.080" /><testcase classname="tests.stage1_sctsr_v4.test_cli_contract_hardening" name="test_split_bundle_cli_only_exposes_registered_validation_roles" time="0.079" /><testcase classname="tests.stage1_sctsr_v4.test_cli_contract_hardening" name="test_source_manifest_cli_uses_registered_source_roots" time="0.100" /><testcase classname="tests.stage1_sctsr_v4.test_cli_contract_hardening" name="test_pool_cli_cannot_accept_an_absolute_base_denominator" time="1.461" /><testcase classname="tests.stage1_sctsr_v4.test_cli_contract_hardening" name="test_validate_schedule_rejects_partial_formal_matrix" time="1.481" /><testcase classname="tests.stage1_sctsr_v4.test_cli_contract_hardening" name="test_build_identity_pool_rejects_placeholder_formal_hashes" time="1.485" /><testcase classname="tests.stage1_sctsr_v4.test_cli_contract_hardening" name="test_formal_identity_template_names_every_runtime_binding" time="0.000" /><testcase classname="tests.stage1_sctsr_v4.test_schema_registry" name="test_schema_registry_passes" time="0.001" /><testcase classname="tests.stage1_sctsr_v4.test_schema_registry" name="test_schema_registry_missing_frozen_entry_rejected" time="0.001" /><testcase classname="tests.stage1_sctsr_v4.test_schema_registry" name="test_schema_registry_rejects_stale_or_unregistered_public_schema" time="0.001" /><testcase classname="tests.stage1_sctsr_v4.test_schema_registry" name="test_schema_registry_registers_formal_input_and_detailed_self_audit_schemas" time="0.000" /><testcase classname="tests.stage1_sctsr_v4.test_schema_registry" name="test_schema_registry_registers_one_attempt_formal_execution_schemas" time="0.001" /></testsuite></testsuites>