<?xml version="1.0" encoding="utf-8"?><testsuites name="pytest tests"><testsuite name="pytest" errors="0" failures="0" skipped="0" tests="359" time="69.053" timestamp="2026-08-14T19:51:41.288415+08:00" hostname="zhangdawei"><testcase classname="tests.stage1_sctsr_v4.test_asset_hardening" name="test_sa_041_asset_row_count_is_verified_from_csv" time="0.005" /><testcase classname="tests.stage1_sctsr_v4.test_asset_hardening" name="test_sa_042_asset_identity_digest_is_recomputed" time="0.003" /><testcase classname="tests.stage1_sctsr_v4.test_asset_hardening" name="test_sa_043_asset_split_role_is_verified_from_rows" time="0.003" /><testcase classname="tests.stage1_sctsr_v4.test_asset_hardening" name="test_sa_044_base_denominator_is_derived_from_registered_identity" time="0.003" /><testcase classname="tests.stage1_sctsr_v4.test_asset_hardening" name="test_registered_validation_split_bundle_is_sha_and_identity_bound" time="0.024" /><testcase classname="tests.stage1_sctsr_v4.test_asset_hardening" name="test_test_split_may_not_be_registered_for_sctsr_v4" time="0.003" /><testcase classname="tests.stage1_sctsr_v4.test_asset_hardening" name="test_clean_checkout_oof_metadata_is_byte_bound_to_registry" time="0.001" /><testcase classname="tests.stage1_sctsr_v4.test_asset_registry" name="test_asset_registry_validates_exact_file" time="0.002" /><testcase classname="tests.stage1_sctsr_v4.test_asset_registry" name="test_asset_sha_mismatch_fails" time="0.002" /><testcase classname="tests.stage1_sctsr_v4.test_asset_registry" name="test_missing_required_asset_fails" time="0.001" /><testcase classname="tests.stage1_sctsr_v4.test_asset_registry" name="test_val_target_cannot_be_claimed" time="0.001" /><testcase classname="tests.stage1_sctsr_v4.test_base_rng" name="test_frozen_infinite_loader_is_reset_on_independent_counter_domains" time="0.741" /><testcase classname="tests.stage1_sctsr_v4.test_bn_isolation" name="test_bn_buffers_restored_but_gradients_allowed" time="0.043" /><testcase classname="tests.stage1_sctsr_v4.test_branch_lineage" name="test_lineage_recomputes_and_validates" time="0.001" /><testcase classname="tests.stage1_sctsr_v4.test_branch_lineage" name="test_lineage_wrong_parent_rejected" time="0.001" /><testcase classname="tests.stage1_sctsr_v4.test_checkpoint_hardening" name="test_sa_084_windows_atomic_checkpoint_write_is_durable" time="2.272" /><testcase classname="tests.stage1_sctsr_v4.test_checkpoint_hardening" name="test_sa_087_parent_checkpoint_is_immutable_after_publication" time="0.017" /><testcase classname="tests.stage1_sctsr_v4.test_checkpoint_hardening" name="test_sa_085_forged_checkpoint_payload_digest_is_rejected" time="0.012" /><testcase classname="tests.stage1_sctsr_v4.test_checkpoint_hardening" name="test_sa_082_checkpoint_digest_covers_optimizer_and_rng_state" time="0.002" /><testcase classname="tests.stage1_sctsr_v4.test_checkpoint_hardening" name="test_sa_080_same_payload_serializes_to_identical_parent_bytes" time="0.024" /><testcase classname="tests.stage1_sctsr_v4.test_checkpoint_hardening" name="test_sa_086_lineage_rejects_forged_digest" time="0.000" /><testcase classname="tests.stage1_sctsr_v4.test_checkpoint_hardening" name="test_sa_084_to_087_lineage_validates_the_bound_parent_file" time="0.018" /><testcase classname="tests.stage1_sctsr_v4.test_checkpoint_hardening" name="test_sa_085_lineage_rejects_parent_with_wrong_seed" time="0.074" /><testcase classname="tests.stage1_sctsr_v4.test_checkpoint_hardening" name="test_sa_085_lineage_rejects_wrong_child_source_binding" time="0.012" /><testcase classname="tests.stage1_sctsr_v4.test_checkpoint_hardening" name="test_sa_087_logical_index_rejects_incomplete_e1_e200_timeline" time="0.000" /><testcase classname="tests.stage1_sctsr_v4.test_checkpoint_hardening" name="test_sa_088_logical_index_rejects_absolute_or_unhashed_entries" time="0.000" /><testcase classname="tests.stage1_sctsr_v4.test_checkpoint_hardening" name="test_sa_088_and_089_complete_logical_timeline_maps_parent_then_child" time="0.002" /><testcase classname="tests.stage1_sctsr_v4.test_checkpoint_hardening" name="test_sa_090_child_tree_rejects_forged_prebranch_epoch" time="0.002" /><testcase classname="tests.stage1_sctsr_v4.test_checkpoint_hardening" name="test_checkpoint_tensor_digest_preserves_frozen_typed_byte_vectors[tensor0-A8F593A3685C605EE53C75CE75F58E572635A29204D668AB03EFEEC663F2A248]" time="0.000" /><testcase classname="tests.stage1_sctsr_v4.test_checkpoint_hardening" name="test_checkpoint_tensor_digest_preserves_frozen_typed_byte_vectors[tensor1-F9EF575AB39EEB1F2219C9686996A62E6E7FC54B3DC9A811FA18DB994358DC9A]" time="0.000" /><testcase classname="tests.stage1_sctsr_v4.test_checkpoint_hardening" name="test_checkpoint_tensor_digest_preserves_frozen_typed_byte_vectors[tensor2-560B4C2D2DAB843EE8E00FD6EAE98679B112D17EB4DACCE1A5E4B0E7405AED32]" time="0.000" /><testcase classname="tests.stage1_sctsr_v4.test_checkpoint_hardening" name="test_checkpoint_tensor_digest_preserves_frozen_typed_byte_vectors[tensor3-4A0E3AE7821DA77D3F10A12A3DD94691021F337DC3CCD35EC36B0DC3D02CF3B9]" time="0.000" /><testcase classname="tests.stage1_sctsr_v4.test_checkpoint_hardening" name="test_checkpoint_tensor_digest_preserves_frozen_typed_byte_vectors[tensor4-0C8D0B7F3FF1048136C6CEEEBE61B6EE77AC0CF060DDDD66AB316D08E4BCB189]" time="0.000" /><testcase classname="tests.stage1_sctsr_v4.test_checkpoint_hardening" name="test_checkpoint_tensor_digest_uses_bulk_bytes_not_python_storage_iteration" time="0.000" /><testcase classname="tests.stage1_sctsr_v4.test_cli_and_run_audit_hardening" name="test_validate_run_rejects_indexed_but_semantically_empty_shell" time="0.020" /><testcase classname="tests.stage1_sctsr_v4.test_cli_and_run_audit_hardening" name="test_validate_run_detects_missing_required_canary_partition_even_after_reindex" time="8.454" /><testcase classname="tests.stage1_sctsr_v4.test_cli_and_run_audit_hardening" name="test_evaluate_cli_rejects_arbitrary_raw_json_even_with_loadable_checkpoint" time="1.412" /><testcase classname="tests.stage1_sctsr_v4.test_cli_and_run_audit_hardening" name="test_evaluate_cli_revalidates_registered_prediction_and_writes_partitioned_frontier" time="1.596" /><testcase classname="tests.stage1_sctsr_v4.test_cli_and_run_audit_hardening" name="test_formal_runner_cli_exposes_trust_and_binding_arguments" time="3.002" /><testcase classname="tests.stage1_sctsr_v4.test_cli_and_run_audit_hardening" name="test_formal_identity_template_cannot_be_loaded_as_a_prepared_identity" time="0.001" /><testcase classname="tests.stage1_sctsr_v4.test_cli_and_run_audit_hardening" name="test_closeout_rejects_synthetic_canary_as_full_implementation_completion" time="1.365" /><testcase classname="tests.stage1_sctsr_v4.test_cli_and_run_audit_hardening" name="test_closeout_requires_the_detailed_taskbook_self_audit" time="1.357" /><testcase classname="tests.stage1_sctsr_v4.test_cli_contract_hardening" name="test_branch_cli_exposes_identity_pool_and_parent_artifact_index" time="1.516" /><testcase classname="tests.stage1_sctsr_v4.test_cli_contract_hardening" name="test_formal_parent_fails_before_output_without_execution_token_or_claim_registry" time="1.498" /><testcase classname="tests.stage1_sctsr_v4.test_cli_contract_hardening" name="test_formal_endpoint_model_split_and_batch_are_frozen_in_runtime_policy" time="0.000" /><testcase classname="tests.stage1_sctsr_v4.test_cli_contract_hardening" name="test_asset_cli_cannot_skip_registered_large_file_hashes" time="0.080" /><testcase classname="tests.stage1_sctsr_v4.test_cli_contract_hardening" name="test_split_bundle_cli_only_exposes_registered_validation_roles" time="0.081" /><testcase classname="tests.stage1_sctsr_v4.test_cli_contract_hardening" name="test_source_manifest_cli_uses_registered_source_roots" time="0.100" /><testcase classname="tests.stage1_sctsr_v4.test_cli_contract_hardening" name="test_pool_cli_cannot_accept_an_absolute_base_denominator" time="1.458" /><testcase classname="tests.stage1_sctsr_v4.test_cli_contract_hardening" name="test_validate_schedule_rejects_partial_formal_matrix" time="1.500" /><testcase classname="tests.stage1_sctsr_v4.test_cli_contract_hardening" name="test_build_identity_pool_rejects_placeholder_formal_hashes" time="1.487" /><testcase classname="tests.stage1_sctsr_v4.test_cli_contract_hardening" name="test_formal_identity_template_names_every_runtime_binding" time="0.000" /><testcase classname="tests.stage1_sctsr_v4.test_cli_synthetic" name="test_validate_contract_cli" time="0.092" /><testcase classname="tests.stage1_sctsr_v4.test_cli_synthetic" name="test_formal_cli_rejected_without_release" time="1.511" /><testcase classname="tests.stage1_sctsr_v4.test_cli_synthetic" name="test_validate_run_cli" time="2.898" /><testcase classname="tests.stage1_sctsr_v4.test_columnar" name="test_synthetic_fallback_is_explicitly_not_parquet" time="0.005" /><testcase classname="tests.stage1_sctsr_v4.test_columnar" name="test_formal_write_requires_real_engine" time="0.001" /><testcase classname="tests.stage1_sctsr_v4.test_columnar" name="test_synthetic_fallback_cannot_be_read_as_canonical" time="0.005" /><testcase classname="tests.stage1_sctsr_v4.test_common_parent" name="test_sa_082_complete_parent_payload_valid" time="0.002" /><testcase classname="tests.stage1_sctsr_v4.test_common_parent" name="test_sa_085_parent_wrong_epoch_rejected" time="0.002" /><testcase classname="tests.stage1_sctsr_v4.test_common_parent" name="test_sa_085_parent_wrong_seed_rejected" time="0.002" /><testcase classname="tests.stage1_sctsr_v4.test_common_parent" name="test_sa_085_parent_wrong_asset_registry_rejected" time="0.002" /><testcase classname="tests.stage1_sctsr_v4.test_common_parent" name="test_sa_083_parent_wrong_global_step_and_ema_count_rejected" time="0.005" /><testcase classname="tests.stage1_sctsr_v4.test_common_parent" name="test_sa_083_parent_spec_requires_runtime_and_asset_identities" time="0.000" /><testcase classname="tests.stage1_sctsr_v4.test_common_parent" name="test_sa_080_parent_spec_requires_zero_replay" time="0.000" /><testcase classname="tests.stage1_sctsr_v4.test_completion" name="test_completion_requires_reason_for_every_blocker" time="0.000" /><testcase classname="tests.stage1_sctsr_v4.test_completion" name="test_completion_rejects_prohibited_side_effect" time="0.000" /><testcase classname="tests.stage1_sctsr_v4.test_completion" name="test_completion_state_is_implementation_only" time="0.000" /><testcase classname="tests.stage1_sctsr_v4.test_completion_hardening" name="test_completion_rejects_incomplete_arbitrary_check_map" time="0.000" /><testcase classname="tests.stage1_sctsr_v4.test_completion_hardening" name="test_implementation_check_may_not_be_hidden_as_blocked" time="0.000" /><testcase classname="tests.stage1_sctsr_v4.test_completion_hardening" name="test_completion_requires_canonical_source_digest" time="0.000" /><testcase classname="tests.stage1_sctsr_v4.test_completion_hardening" name="test_strict_completion_requires_per_check_command_and_log_evidence" time="0.000" /><testcase classname="tests.stage1_sctsr_v4.test_completion_hardening" name="test_legacy_gate_flags_do_not_masquerade_as_active_v4_side_effects" time="0.000" /><testcase classname="tests.stage1_sctsr_v4.test_contract" name="test_repository_contract_passes" time="0.001" /><testcase classname="tests.stage1_sctsr_v4.test_contract" name="test_anchor_change_rejected" time="0.000" /><testcase classname="tests.stage1_sctsr_v4.test_contract" name="test_best_pt_rejected" time="0.000" /><testcase classname="tests.stage1_sctsr_v4.test_contract" name="test_formal_defaults_off" time="0.000" /><testcase classname="tests.stage1_sctsr_v4.test_contract" name="test_synthetic_authorized_without_release" time="0.000" /><testcase classname="tests.stage1_sctsr_v4.test_contract" name="test_formal_rejected_without_release" time="0.001" /><testcase classname="tests.stage1_sctsr_v4.test_contract_hardening" name="test_sa_030_forged_nonempty_release_signature_is_rejected" time="0.001" /><testcase classname="tests.stage1_sctsr_v4.test_contract_hardening" name="test_sa_031_contract_baseline_identity_is_immutable" time="0.001" /><testcase classname="tests.stage1_sctsr_v4.test_contract_hardening" name="test_sa_032_absolute_budget_is_rejected_in_contract" time="0.001" /><testcase classname="tests.stage1_sctsr_v4.test_contract_hardening" name="test_sa_033_absolute_budget_is_rejected_in_arm" time="0.001" /><testcase classname="tests.stage1_sctsr_v4.test_dataset_adapter" name="test_identity_wrapper_preserves_length_and_adds_metadata" time="0.000" /><testcase classname="tests.stage1_sctsr_v4.test_dataset_adapter" name="test_identity_wrapper_aligns_manifest_to_physical_dataset_order" time="0.000" /><testcase classname="tests.stage1_sctsr_v4.test_dataset_adapter" name="test_replay_batch_is_identity_addressed_and_carries_frozen_metadata" time="0.000" /><testcase classname="tests.stage1_sctsr_v4.test_dataset_adapter" name="test_source_path_mismatch_fails_closed" time="0.000" /><testcase classname="tests.stage1_sctsr_v4.test_dataset_adapter" name="test_tensor_digest_is_deterministic" time="0.000" /><testcase classname="tests.stage1_sctsr_v4.test_documentation_contract" name="test_sctsr_documentation_records_current_fail_closed_state" time="0.001" /><testcase classname="tests.stage1_sctsr_v4.test_documentation_contract" name="test_sctsr_documentation_has_no_superseded_delivery_environment_claims" time="0.001" /><testcase classname="tests.stage1_sctsr_v4.test_documentation_contract" name="test_repository_documentation_indexes_the_held_sctsr_implementation" time="0.000" /><testcase classname="tests.stage1_sctsr_v4.test_epoch_publication_recovery" name="test_post_rename_pre_receipt_failure_quarantines_complete" time="0.033" /><testcase classname="tests.stage1_sctsr_v4.test_epoch_publication_recovery" name="test_post_receipt_index_failure_repairs_secondary_metadata" time="0.046" /><testcase classname="tests.stage1_sctsr_v4.test_epoch_publication_recovery" name="test_post_index_pointer_failure_repairs_pointer" time="0.043" /><testcase classname="tests.stage1_sctsr_v4.test_epoch_publication_recovery" name="test_next_begin_quarantines_unreceipted_complete_left_by_process_death" time="0.017" /><testcase classname="tests.stage1_sctsr_v4.test_epoch_transaction" name="test_atomic_epoch_commit" time="0.025" /><testcase classname="tests.stage1_sctsr_v4.test_epoch_transaction" name="test_exception_quarantines_partial" time="0.015" /><testcase classname="tests.stage1_sctsr_v4.test_epoch_transaction" name="test_duplicate_generation_rejected" time="0.006" /><testcase classname="tests.stage1_sctsr_v4.test_evaluation" name="test_frontier_has_96_points" time="0.002" /><testcase classname="tests.stage1_sctsr_v4.test_evaluation" name="test_ties_not_split" time="0.002" /><testcase classname="tests.stage1_sctsr_v4.test_evaluation" name="test_unreachable_target_returns_null" time="0.002" /><testcase classname="tests.stage1_sctsr_v4.test_evaluation" name="test_best_pt_rejected" time="0.001" /><testcase classname="tests.stage1_sctsr_v4.test_evaluation" name="test_formal_non_e200_rejected" time="0.001" /><testcase classname="tests.stage1_sctsr_v4.test_evaluation" name="test_max_fn_zero_supported" time="0.001" /><testcase classname="tests.stage1_sctsr_v4.test_evidence_runtime_integration" name="test_real_epoch_evidence_is_streamed_bound_and_atomically_published" time="0.173" /><testcase classname="tests.stage1_sctsr_v4.test_evidence_runtime_integration" name="test_epoch_evidence_persists_real_dataloader_wait_sum" time="0.118" /><testcase classname="tests.stage1_sctsr_v4.test_evidence_transaction_hardening" name="test_sa_130_to_135_occurrence_schema_rejects_every_missing_required_field[replay_count_before]" time="0.001" /><testcase classname="tests.stage1_sctsr_v4.test_evidence_transaction_hardening" name="test_sa_130_to_135_occurrence_schema_rejects_every_missing_required_field[last_replay_epoch_reason]" time="0.000" /><testcase classname="tests.stage1_sctsr_v4.test_evidence_transaction_hardening" name="test_sa_130_to_135_occurrence_schema_rejects_every_missing_required_field[epochs_since_last_replay_reason]" time="0.000" /><testcase classname="tests.stage1_sctsr_v4.test_evidence_transaction_hardening" name="test_sa_130_to_135_occurrence_schema_rejects_every_missing_required_field[oof_reference_reason]" time="0.000" /><testcase classname="tests.stage1_sctsr_v4.test_evidence_transaction_hardening" name="test_sa_130_to_135_occurrence_schema_rejects_every_missing_required_field[rho_reason]" time="0.000" /><testcase classname="tests.stage1_sctsr_v4.test_evidence_transaction_hardening" name="test_sa_130_to_135_occurrence_schema_rejects_every_missing_required_field[planned_replay_epoch_reason]" time="0.001" /><testcase classname="tests.stage1_sctsr_v4.test_evidence_transaction_hardening" name="test_sa_130_to_135_occurrence_schema_rejects_every_missing_required_field[cumulative_replay_count_after]" time="0.000" /><testcase classname="tests.stage1_sctsr_v4.test_evidence_transaction_hardening" name="test_sa_130_to_135_occurrence_schema_rejects_every_missing_required_field[fallback_state]" time="0.000" /><testcase classname="tests.stage1_sctsr_v4.test_evidence_transaction_hardening" name="test_sa_134_replay_count_and_last_exposure_are_conserved" time="0.000" /><testcase classname="tests.stage1_sctsr_v4.test_evidence_transaction_hardening" name="test_sa_142_nullable_occurrence_value_requires_registered_reason" time="0.000" /><testcase classname="tests.stage1_sctsr_v4.test_evidence_transaction_hardening" name="test_sa_131_and_136_step_schema_rejects_missing_required_field[replay_rate_numerator]" time="0.000" /><testcase classname="tests.stage1_sctsr_v4.test_evidence_transaction_hardening" name="test_sa_131_and_136_step_schema_rejects_missing_required_field[base_loss_items]" time="0.000" /><testcase classname="tests.stage1_sctsr_v4.test_evidence_transaction_hardening" name="test_sa_131_and_136_step_schema_rejects_missing_required_field[parameter_grad_norm_before_clip]" time="0.000" /><testcase classname="tests.stage1_sctsr_v4.test_evidence_transaction_hardening" name="test_sa_131_and_136_step_schema_rejects_missing_required_field[learning_rates]" time="0.000" /><testcase classname="tests.stage1_sctsr_v4.test_evidence_transaction_hardening" name="test_sa_131_and_136_step_schema_rejects_missing_required_field[optimizer_hyperparameters]" time="0.000" /><testcase classname="tests.stage1_sctsr_v4.test_evidence_transaction_hardening" name="test_sa_131_and_136_step_schema_rejects_missing_required_field[amp_reason]" time="0.000" /><testcase classname="tests.stage1_sctsr_v4.test_evidence_transaction_hardening" name="test_sa_131_and_136_step_schema_rejects_missing_required_field[bn_reason]" time="0.001" /><testcase classname="tests.stage1_sctsr_v4.test_evidence_transaction_hardening" name="test_sa_131_and_136_step_schema_rejects_missing_required_field[rng_reason]" time="0.000" /><testcase classname="tests.stage1_sctsr_v4.test_evidence_transaction_hardening" name="test_sa_131_and_136_step_schema_rejects_missing_required_field[base_augmentation_digest]" time="0.000" /><testcase classname="tests.stage1_sctsr_v4.test_evidence_transaction_hardening" name="test_sa_131_and_136_step_schema_rejects_missing_required_field[dataloader_wait_seconds]" time="0.000" /><testcase classname="tests.stage1_sctsr_v4.test_evidence_transaction_hardening" name="test_sa_131_and_136_step_schema_rejects_missing_required_field[row_generation]" time="0.000" /><testcase classname="tests.stage1_sctsr_v4.test_evidence_transaction_hardening" name="test_sa_136_step_rejects_amp_skip_even_when_delta_claims_one" time="0.000" /><testcase classname="tests.stage1_sctsr_v4.test_evidence_transaction_hardening" name="test_sa_137_exposure_schema_rejects_missing_cumulative_or_telemetry_sha" time="0.002" /><testcase classname="tests.stage1_sctsr_v4.test_evidence_transaction_hardening" name="test_sa_144_selection_schema_requires_guard_quota_and_overlap" time="0.000" /><testcase classname="tests.stage1_sctsr_v4.test_evidence_transaction_hardening" name="test_sa_138_pyarrow_is_a_locked_runtime_dependency" time="0.000" /><testcase classname="tests.stage1_sctsr_v4.test_evidence_transaction_hardening" name="test_sa_138_to_140_real_parquet_has_strict_schema_zstd_and_partition_manifest" time="0.019" /><testcase classname="tests.stage1_sctsr_v4.test_evidence_transaction_hardening" name="test_sa_139_ledger_writer_rejects_unpartitioned_large_table" time="0.002" /><testcase classname="tests.stage1_sctsr_v4.test_evidence_transaction_hardening" name="test_sa_143_empty_and_unknown_sentinels_are_rejected" time="0.001" /><testcase classname="tests.stage1_sctsr_v4.test_evidence_transaction_hardening" name="test_sa_150_two_row_bad_cadence_cannot_bypass_validator" time="0.035" /><testcase classname="tests.stage1_sctsr_v4.test_evidence_transaction_hardening" name="test_sa_154_to_157_unavailable_hardware_fields_have_reason_not_fake_zero" time="0.047" /><testcase classname="tests.stage1_sctsr_v4.test_evidence_transaction_hardening" name="test_sa_158_all_critical_providers_unavailable_rejects_closeout" time="0.031" /><testcase classname="tests.stage1_sctsr_v4.test_evidence_transaction_hardening" name="test_sa_221_commit_detects_half_written_json_without_optional_validator" time="0.018" /><testcase classname="tests.stage1_sctsr_v4.test_evidence_transaction_hardening" name="test_sa_221_commit_detects_half_written_parquet_without_optional_validator" time="0.013" /><testcase classname="tests.stage1_sctsr_v4.test_evidence_transaction_hardening" name="test_sa_221_generation_manifest_binds_file_sha_and_telemetry_partition" time="0.031" /><testcase classname="tests.stage1_sctsr_v4.test_evidence_transaction_hardening" name="test_sa_227_tampered_generation_manifest_is_rejected_by_recovery_pointer" time="0.036" /><testcase classname="tests.stage1_sctsr_v4.test_evidence_transaction_hardening" name="test_sa_230_corrupt_latest_complete_generation_is_not_resumable" time="0.068" /><testcase classname="tests.stage1_sctsr_v4.test_evidence_transaction_hardening" name="test_sa_229_resume_identity_binds_rng_and_receipt_chain" time="0.000" /><testcase classname="tests.stage1_sctsr_v4.test_evidence_transaction_hardening" name="test_sa_231_repeated_quarantine_never_overwrites_previous_evidence" time="0.038" /><testcase classname="tests.stage1_sctsr_v4.test_evidence_transaction_hardening" name="test_sa_232_and_233_checkpoint_retention_keeps_anchors_and_last_two" time="0.000" /><testcase classname="tests.stage1_sctsr_v4.test_exposure_ledger" name="test_zero_replay_exposure" time="0.000" /><testcase classname="tests.stage1_sctsr_v4.test_exposure_ledger" name="test_replay_rate_conserved" time="0.000" /><testcase classname="tests.stage1_sctsr_v4.test_exposure_ledger" name="test_wrong_optimizer_steps_rejected" time="0.000" /><testcase classname="tests.stage1_sctsr_v4.test_exposure_ledger" name="test_exposure_partition_written" time="0.014" /><testcase classname="tests.stage1_sctsr_v4.test_fixed_step_hardening" name="test_sa_075_replay_step_plan_recomputes_content_digest" time="0.000" /><testcase classname="tests.stage1_sctsr_v4.test_fixed_step_hardening" name="test_sa_075_step_plan_records_counter_domain_seeds" time="0.000" /><testcase classname="tests.stage1_sctsr_v4.test_fixed_step_hardening" name="test_sa_108_overlay_calls_upstream_optimizer_step_exactly_once" time="0.011" /><testcase classname="tests.stage1_sctsr_v4.test_fixed_step_hardening" name="test_sa_106_base_identity_and_augmentation_trace_are_mandatory" time="0.003" /><testcase classname="tests.stage1_sctsr_v4.test_fixed_step_hardening" name="test_sa_109_replay_provider_must_preserve_materialized_identity_order" time="0.006" /><testcase classname="tests.stage1_sctsr_v4.test_fixed_step_hardening" name="test_sa_108_amp_overflow_skip_aborts_epoch" time="0.004" /><testcase classname="tests.stage1_sctsr_v4.test_fixed_step_hardening" name="test_sa_114_unscale_step_update_are_each_called_once_per_base_step" time="0.008" /><testcase classname="tests.stage1_sctsr_v4.test_fixed_step_hardening" name="test_sa_105_warmup_uses_only_base_step_coordinates" time="0.011" /><testcase classname="tests.stage1_sctsr_v4.test_fixed_step_runtime" name="test_replay_does_not_add_optimizer_steps" time="0.085" /><testcase classname="tests.stage1_sctsr_v4.test_fixed_step_runtime" name="test_replay_changes_parameter_trajectory" time="0.158" /><testcase classname="tests.stage1_sctsr_v4.test_fixed_step_runtime" name="test_world_size_gt_one_rejected" time="0.072" /><testcase classname="tests.stage1_sctsr_v4.test_fixed_step_runtime" name="test_gradient_accumulation_rejected" time="0.074" /><testcase classname="tests.stage1_sctsr_v4.test_fixed_step_runtime" name="test_oom_is_fail_closed" time="0.073" /><testcase classname="tests.stage1_sctsr_v4.test_fixed_step_runtime" name="test_replay_ce_is_sum_divided_by_canonical_128" time="0.005" /><testcase classname="tests.stage1_sctsr_v4.test_fixed_step_runtime" name="test_generic_runtime_amp_skip_fails_closed" time="0.001" /><testcase classname="tests.stage1_sctsr_v4.test_formal_execution_claim" name="test_execution_token_binds_release_registry_and_exact_job" time="0.029" /><testcase classname="tests.stage1_sctsr_v4.test_formal_execution_claim" name="test_execution_token_rejects_job_substitution[arm_id-T_U]" time="0.008" /><testcase classname="tests.stage1_sctsr_v4.test_formal_execution_claim" name="test_execution_token_rejects_job_substitution[training_seed-102]" time="0.008" /><testcase classname="tests.stage1_sctsr_v4.test_formal_execution_claim" name="test_execution_token_rejects_job_substitution[output_root_digest-9999999999999999999999999999999999999999999999999999999999999999]" time="0.008" /><testcase classname="tests.stage1_sctsr_v4.test_formal_execution_claim" name="test_execution_token_rejects_job_substitution[action-RESUME]" time="0.007" /><testcase classname="tests.stage1_sctsr_v4.test_formal_execution_claim" name="test_execution_token_rejects_job_substitution[resume_from_receipt_digest-4444444444444444444444444444444444444444444444444444444444444444]" time="0.008" /><testcase classname="tests.stage1_sctsr_v4.test_formal_execution_claim" name="test_same_execution_token_can_be_claimed_only_once" time="0.024" /><testcase classname="tests.stage1_sctsr_v4.test_formal_execution_claim" name="test_concurrent_claimers_have_exactly_one_winner" time="0.029" /><testcase classname="tests.stage1_sctsr_v4.test_formal_execution_claim" name="test_one_matrix_release_may_authorize_distinct_job_tokens" time="0.031" /><testcase classname="tests.stage1_sctsr_v4.test_formal_execution_claim" name="test_corrupt_existing_claim_is_never_overwritten" time="0.011" /><testcase classname="tests.stage1_sctsr_v4.test_formal_execution_claim" name="test_claim_and_token_are_snapshotted_and_tamper_is_rejected" time="0.066" /><testcase classname="tests.stage1_sctsr_v4.test_formal_execution_claim" name="test_repository_execution_templates_are_inactive_and_complete" time="0.000" /><testcase classname="tests.stage1_sctsr_v4.test_formal_input_bindings" name="test_pool_artifacts_bind_schedule_bytes_and_roles" time="0.195" /><testcase classname="tests.stage1_sctsr_v4.test_formal_input_bindings" name="test_pool_artifacts_reject_schedule_digest_substitution" time="0.123" /><testcase classname="tests.stage1_sctsr_v4.test_formal_input_bindings" name="test_formal_branch_rejects_nonformal_parent_receipt" time="0.008" /><testcase classname="tests.stage1_sctsr_v4.test_formal_input_bindings" name="test_formal_run_root_accepts_only_fresh_upstream_trainer_subtree" time="0.002" /><testcase classname="tests.stage1_sctsr_v4.test_formal_input_snapshot" name="test_external_file_binding_rejects_replaced_authorization_input" time="0.021" /><testcase classname="tests.stage1_sctsr_v4.test_formal_input_snapshot" name="test_formal_input_snapshot_copies_and_binds_every_authorization_file" time="0.066" /><testcase classname="tests.stage1_sctsr_v4.test_formal_input_snapshot" name="test_prepared_trainer_external_file_revalidation_rejects_identity_manifest_drift" time="0.011" /><testcase classname="tests.stage1_sctsr_v4.test_formal_pool_inputs" name="test_sa_045_registered_t_is_exact_3000_id_frozen_stress_set" time="4.205" /><testcase classname="tests.stage1_sctsr_v4.test_formal_pool_inputs" name="test_sa_046_registered_r1_uses_all_120000_base_candidates" time="0.221" /><testcase classname="tests.stage1_sctsr_v4.test_formal_pool_inputs" name="test_sa_053_registered_r2_fails_closed_on_proven_exact_quota_shortage" time="0.538" /><testcase classname="tests.stage1_sctsr_v4.test_formal_release" name="test_sa_034_valid_owner_mac_requires_complete_frozen_bindings" time="0.000" /><testcase classname="tests.stage1_sctsr_v4.test_formal_release" name="test_sa_035_expired_release_is_rejected_even_with_valid_mac" time="0.000" /><testcase classname="tests.stage1_sctsr_v4.test_formal_release" name="test_sa_036_release_binding_mismatch_is_rejected" time="0.000" /><testcase classname="tests.stage1_sctsr_v4.test_formal_resume" name="test_formal_resume_restores_last_complete_checkpoint_history_and_quarantines_partial" time="0.119" /><testcase classname="tests.stage1_sctsr_v4.test_formal_resume" name="test_formal_resume_rejects_checkpoint_rng_not_bound_by_epoch_summary" time="0.095" /><testcase classname="tests.stage1_sctsr_v4.test_formal_resume" name="test_formal_resume_rejects_static_asset_or_generation_chain_mismatch" time="0.070" /><testcase classname="tests.stage1_sctsr_v4.test_formal_resume" name="test_formal_resume_rejects_already_complete_run" time="0.090" /><testcase classname="tests.stage1_sctsr_v4.test_formal_resume" name="test_branch_runner_continues_at_resume_epoch_without_overwriting_completed_generation" time="0.392" /><testcase classname="tests.stage1_sctsr_v4.test_formal_resume" name="test_formal_runner_cli_exposes_explicit_resume_and_isolated_setup_flags[run_common_parent.py]" time="1.535" /><testcase classname="tests.stage1_sctsr_v4.test_formal_resume" name="test_formal_runner_cli_exposes_explicit_resume_and_isolated_setup_flags[run_branch.py]" time="1.522" /><testcase classname="tests.stage1_sctsr_v4.test_formal_training" name="test_parent_and_branch_orchestration_preserve_parent_and_never_mislabel_synthetic" time="0.108" /><testcase classname="tests.stage1_sctsr_v4.test_identity_pool" name="test_identity_digest_golden" time="0.000" /><testcase classname="tests.stage1_sctsr_v4.test_identity_pool" name="test_synthetic_t_pool_valid" time="0.000" /><testcase classname="tests.stage1_sctsr_v4.test_identity_pool" name="test_five_groups_equal_and_exhaustive" time="0.000" /><testcase classname="tests.stage1_sctsr_v4.test_identity_pool" name="test_duplicate_pool_rejected" time="0.000" /><testcase classname="tests.stage1_sctsr_v4.test_identity_pool" name="test_t_cannot_be_labeled_validated_selector" time="0.000" /><testcase classname="tests.stage1_sctsr_v4.test_implementation_self_audit" name="test_taskbook_parser_extracts_every_stable_sa_requirement" time="0.001" /><testcase classname="tests.stage1_sctsr_v4.test_implementation_self_audit" name="test_self_audit_validates_exact_206_row_pass_ledger" time="0.438" /><testcase classname="tests.stage1_sctsr_v4.test_implementation_self_audit" name="test_self_audit_round_trips_canonical_sorted_json" time="0.448" /><testcase classname="tests.stage1_sctsr_v4.test_implementation_self_audit" name="test_self_audit_preserves_v3_baseline_failure_instead_of_claiming_pass" time="0.422" /><testcase classname="tests.stage1_sctsr_v4.test_implementation_self_audit" name="test_self_audit_rejects_log_drift" time="0.166" /><testcase classname="tests.stage1_sctsr_v4.test_implementation_self_audit" name="test_self_audit_builder_merges_exact_taskbook_requirements_and_repository_flags" time="0.176" /><testcase classname="tests.stage1_sctsr_v4.test_logical_artifact_index" name="test_parent_and_child_ownership_valid" time="0.000" /><testcase classname="tests.stage1_sctsr_v4.test_logical_artifact_index" name="test_child_cannot_own_prebranch_epoch" time="0.000" /><testcase classname="tests.stage1_sctsr_v4.test_manual_line_review" name="test_manual_line_review_requires_exact_sa280_to_sa289_and_line_digests" time="0.009" /><testcase classname="tests.stage1_sctsr_v4.test_manual_line_review" name="test_manual_line_review_rejects_source_line_drift" time="0.007" /><testcase classname="tests.stage1_sctsr_v4.test_no_formal_side_effects" name="test_overlay_contains_no_formal_queue_or_release" time="0.004" /><testcase classname="tests.stage1_sctsr_v4.test_no_formal_side_effects" name="test_full_checkout_preserves_protected_historical_and_upstream_modules" time="0.000" /><testcase classname="tests.stage1_sctsr_v4.test_occurrence_ledger" name="test_occurrence_row_valid" time="0.000" /><testcase classname="tests.stage1_sctsr_v4.test_occurrence_ledger" name="test_occurrence_missing_field_rejected" time="0.000" /><testcase classname="tests.stage1_sctsr_v4.test_occurrence_ledger" name="test_candidate_signal_must_be_nonutility" time="0.000" /><testcase classname="tests.stage1_sctsr_v4.test_occurrence_ledger" name="test_occurrence_partition_written" time="0.013" /><testcase classname="tests.stage1_sctsr_v4.test_prediction_artifact" name="test_prediction_identity_digest_stable" time="0.002" /><testcase classname="tests.stage1_sctsr_v4.test_prediction_artifact" name="test_duplicate_prediction_rejected" time="0.001" /><testcase classname="tests.stage1_sctsr_v4.test_prediction_artifact" name="test_wrong_split_rejected" time="0.001" /><testcase classname="tests.stage1_sctsr_v4.test_prediction_artifact" name="test_formal_predictions_require_e200" time="0.003" /><testcase classname="tests.stage1_sctsr_v4.test_prediction_artifact" name="test_prediction_partition_written" time="0.019" /><testcase classname="tests.stage1_sctsr_v4.test_prediction_evaluation_hardening" name="test_prediction_rows_require_one_bound_checkpoint_and_split" time="0.001" /><testcase classname="tests.stage1_sctsr_v4.test_prediction_evaluation_hardening" name="test_prediction_probability_must_match_two_class_logits" time="0.001" /><testcase classname="tests.stage1_sctsr_v4.test_prediction_evaluation_hardening" name="test_formal_prediction_write_rejects_unverified_manifest_and_checkpoint" time="0.002" /><testcase classname="tests.stage1_sctsr_v4.test_prediction_evaluation_hardening" name="test_checkpoint_evaluation_requires_existing_loadable_bound_checkpoint" time="0.001" /><testcase classname="tests.stage1_sctsr_v4.test_prediction_evaluation_hardening" name="test_frontier_rejects_unregistered_artifact_bindings" time="0.001" /><testcase classname="tests.stage1_sctsr_v4.test_prediction_evaluation_hardening" name="test_prediction_test_role_is_always_forbidden" time="0.001" /><testcase classname="tests.stage1_sctsr_v4.test_prediction_evaluation_hardening" name="test_formal_prediction_is_bound_to_loadable_checkpoint_and_complete_split" time="0.049" /><testcase classname="tests.stage1_sctsr_v4.test_prediction_evaluation_hardening" name="test_formal_prediction_rejects_missing_extra_or_wrong_split_rows" time="0.042" /><testcase classname="tests.stage1_sctsr_v4.test_prediction_evaluation_hardening" name="test_formal_prediction_rejects_arbitrary_json_claiming_val_op" time="0.039" /><testcase classname="tests.stage1_sctsr_v4.test_prediction_evaluation_hardening" name="test_checkpoint_binding_rejects_wrong_sha" time="0.027" /><testcase classname="tests.stage1_sctsr_v4.test_prediction_evaluation_hardening" name="test_tie_safe_frontier_golden_points_and_independent_anchors" time="0.001" /><testcase classname="tests.stage1_sctsr_v4.test_prediction_evaluation_hardening" name="test_formal_frontier_writer_requires_all_96_points" time="0.002" /><testcase classname="tests.stage1_sctsr_v4.test_prediction_evaluation_hardening" name="test_formal_closeout_requires_recomputable_registered_e200_endpoint" time="0.106" /><testcase classname="tests.stage1_sctsr_v4.test_prediction_evaluation_hardening" name="test_formal_closeout_rejects_missing_or_mutated_endpoint" time="0.091" /><testcase classname="tests.stage1_sctsr_v4.test_prediction_runtime" name="test_inference_publishes_raw_logits_and_probability_from_bound_model" time="0.016" /><testcase classname="tests.stage1_sctsr_v4.test_prediction_runtime" name="test_inference_rejects_model_state_drift_or_ambiguous_outputs" time="0.039" /><testcase classname="tests.stage1_sctsr_v4.test_prediction_runtime" name="test_inference_rejects_class_mapping_and_duplicate_identity" time="0.024" /><testcase classname="tests.stage1_sctsr_v4.test_prediction_runtime" name="test_registered_image_records_follow_manifest_identity_and_stay_in_dataset" time="0.012" /><testcase classname="tests.stage1_sctsr_v4.test_prediction_runtime" name="test_registered_image_records_reject_path_escape" time="0.007" /><testcase classname="tests.stage1_sctsr_v4.test_prediction_runtime" name="test_formal_endpoint_publisher_runs_real_images_and_writes_complete_evidence" time="0.220" /><testcase classname="tests.stage1_sctsr_v4.test_qrad_contract" name="test_weighted_qrad_rejected" time="0.001" /><testcase classname="tests.stage1_sctsr_v4.test_qrad_contract" name="test_target_alignment_blocked_without_val_target" time="0.000" /><testcase classname="tests.stage1_sctsr_v4.test_qrad_contract" name="test_candidate_signal_cannot_be_called_utility" time="0.000" /><testcase classname="tests.stage1_sctsr_v4.test_qrad_contract" name="test_candidate_signal_nonutility_allowed" time="0.000" /><testcase classname="tests.stage1_sctsr_v4.test_qrad_scaffold_hardening" name="test_nested_weighted_qrad_is_rejected_recursively" time="0.000" /><testcase classname="tests.stage1_sctsr_v4.test_qrad_scaffold_hardening" name="test_current_baseline_cannot_enable_a_even_when_caller_claims_target_available" time="0.000" /><testcase classname="tests.stage1_sctsr_v4.test_qrad_scaffold_hardening" name="test_candidate_signal_semantic_must_be_an_exact_registered_nonutility_token" time="0.000" /><testcase classname="tests.stage1_sctsr_v4.test_qrad_scaffold_hardening" name="test_short_branch_rejects_unbound_or_same_treatment_and_r2_pools" time="0.000" /><testcase classname="tests.stage1_sctsr_v4.test_qrad_scaffold_hardening" name="test_predictor_requires_more_than_a_boolean_phase1_claim" time="0.000" /><testcase classname="tests.stage1_sctsr_v4.test_qrad_scaffold_hardening" name="test_blocked_seed_registry_cannot_smuggle_formal_seed_values" time="0.000" /><testcase classname="tests.stage1_sctsr_v4.test_qrad_scaffold_hardening" name="test_formal_seed_state_string_alone_is_not_release_authorization" time="0.000" /><testcase classname="tests.stage1_sctsr_v4.test_qrad_scaffold_hardening" name="test_disabled_phase2_config_is_sha_bound_and_every_action_is_held" time="0.002" /><testcase classname="tests.stage1_sctsr_v4.test_qrad_scaffold_hardening" name="test_qrad_factor_contract_uses_distinct_stage_comparators" time="0.000" /><testcase classname="tests.stage1_sctsr_v4.test_qrad_scaffold_hardening" name="test_predictor_feature_row_is_vector_label_with_a_explicitly_blocked" time="0.000" /><testcase classname="tests.stage1_sctsr_v4.test_qrad_scaffold_hardening" name="test_future_short_branch_requires_zero_overlap_memberships_and_quota_digest" time="0.000" /><testcase classname="tests.stage1_sctsr_v4.test_qrad_scaffold_hardening" name="test_caller_booleans_cannot_enable_short_branch_or_predictor_in_current_baseline" time="0.000" /><testcase classname="tests.stage1_sctsr_v4.test_qrad_scaffold_hardening" name="test_future_target_registration_interface_checks_bytes_roles_formula_and_lag" time="0.010" /><testcase classname="tests.stage1_sctsr_v4.test_qrad_scaffold_hardening" name="test_safety_vector_rejects_dual_end_degradation_as_pass" time="0.000" /><testcase classname="tests.stage1_sctsr_v4.test_random_controls" name="test_r1_uses_global_universe_and_reports_overlap" time="0.000" /><testcase classname="tests.stage1_sctsr_v4.test_random_controls" name="test_r2_zero_overlap_exact_quota" time="0.000" /><testcase classname="tests.stage1_sctsr_v4.test_random_controls" name="test_r2_infeasible_fails" time="0.001" /><testcase classname="tests.stage1_sctsr_v4.test_random_controls" name="test_terminal_field_guard_does_not_enumerate_forbidden" time="0.000" /><testcase classname="tests.stage1_sctsr_v4.test_rate_spec" name="test_frozen_rates_derive_counts" time="0.000" /><testcase classname="tests.stage1_sctsr_v4.test_rate_spec" name="test_rate_reduces_and_basis_points" time="0.000" /><testcase classname="tests.stage1_sctsr_v4.test_rate_spec" name="test_float_rate_rejected" time="0.000" /><testcase classname="tests.stage1_sctsr_v4.test_rate_spec" name="test_boolean_rate_rejected" time="0.000" /><testcase classname="tests.stage1_sctsr_v4.test_rate_spec" name="test_non_integral_count_rejected" time="0.000" /><testcase classname="tests.stage1_sctsr_v4.test_real_yolo_integration" name="test_sa_115_real_frozen_yolo11l_classification_trainer_step" time="1.708" /><testcase classname="tests.stage1_sctsr_v4.test_recovery" name="test_find_last_complete_and_pointer" time="0.127" /><testcase classname="tests.stage1_sctsr_v4.test_recovery" name="test_quarantine_inprogress" time="0.009" /><testcase classname="tests.stage1_sctsr_v4.test_recovery" name="test_resume_identity_mismatch_rejected" time="0.000" /><testcase classname="tests.stage1_sctsr_v4.test_recovery" name="test_corrupt_pointer_rejected" time="0.002" /><testcase classname="tests.stage1_sctsr_v4.test_replay_step_plan" name="test_plan_conserves_occurrences" time="0.001" /><testcase classname="tests.stage1_sctsr_v4.test_replay_step_plan" name="test_same_schedule_same_step_skeleton_independent_of_identity" time="0.002" /><testcase classname="tests.stage1_sctsr_v4.test_replay_step_plan" name="test_tail_batch_cap_checked" time="0.000" /><testcase classname="tests.stage1_sctsr_v4.test_replay_step_plan" name="test_no_replay_plan_valid" time="0.000" /><testcase classname="tests.stage1_sctsr_v4.test_repository_state_audit" name="test_repository_audit_binds_allowed_changes_and_legacy_sha_mtime" time="0.531" /><testcase classname="tests.stage1_sctsr_v4.test_repository_state_audit" name="test_repository_audit_uses_git_blob_identity_when_clean_worktree_line_endings_differ" time="0.657" /><testcase classname="tests.stage1_sctsr_v4.test_repository_state_audit" name="test_repository_audit_rejects_protected_source_change" time="0.440" /><testcase classname="tests.stage1_sctsr_v4.test_repository_state_audit" name="test_repository_audit_rejects_untracked_importable_overlay_file" time="0.370" /><testcase classname="tests.stage1_sctsr_v4.test_repository_state_audit" name="test_repository_audit_does_not_follow_broken_historical_directory_links" time="0.534" /><testcase classname="tests.stage1_sctsr_v4.test_repository_state_audit" name="test_repository_audit_records_changed_file_beyond_max_path" time="0.637" /><testcase classname="tests.stage1_sctsr_v4.test_rng_isolation" name="test_counter_seed_is_deterministic_and_domain_separated" time="0.000" /><testcase classname="tests.stage1_sctsr_v4.test_rng_isolation" name="test_replay_domain_restores_all_global_rng" time="0.003" /><testcase classname="tests.stage1_sctsr_v4.test_run_validation" name="test_synthetic_canary_validates" time="1.518" /><testcase classname="tests.stage1_sctsr_v4.test_run_validation" name="test_canary_uses_canonical_parquet_without_portable_fallback" time="1.457" /><testcase classname="tests.stage1_sctsr_v4.test_schedule" name="test_all_eight_schedules_construct" time="0.060" /><testcase classname="tests.stage1_sctsr_v4.test_schedule" name="test_uniform_and_frontloaded_have_same_dose" time="0.061" /><testcase classname="tests.stage1_sctsr_v4.test_schedule" name="test_every_t_identity_has_multiplicity_16" time="0.059" /><testcase classname="tests.stage1_sctsr_v4.test_schedule" name="test_frontloaded_stops_after_160" time="0.060" /><testcase classname="tests.stage1_sctsr_v4.test_schedule" name="test_fallback_and_stop_share_t_prefix" time="0.060" /><testcase classname="tests.stage1_sctsr_v4.test_schedule" name="test_fallback_is_r2_not_no_replay" time="0.060" /><testcase classname="tests.stage1_sctsr_v4.test_schedule" name="test_nr_has_no_replay" time="0.188" /><testcase classname="tests.stage1_sctsr_v4.test_schedule_hardening" name="test_sa_070_forged_plan_digest_is_rejected" time="0.009" /><testcase classname="tests.stage1_sctsr_v4.test_schedule_hardening" name="test_sa_071_empty_treatment_schedule_is_rejected" time="0.010" /><testcase classname="tests.stage1_sctsr_v4.test_schedule_hardening" name="test_sa_072_rate_occurrence_mismatch_is_rejected" time="0.012" /><testcase classname="tests.stage1_sctsr_v4.test_schedule_registry" name="test_sa_069_all_eight_arms_are_required_for_cross_arm_validation" time="0.060" /><testcase classname="tests.stage1_sctsr_v4.test_schedule_registry" name="test_sa_074_cross_arm_registry_binds_t_r1_r2_and_parity" time="0.090" /><testcase classname="tests.stage1_sctsr_v4.test_schema_registry" name="test_schema_registry_passes" time="0.001" /><testcase classname="tests.stage1_sctsr_v4.test_schema_registry" name="test_schema_registry_missing_frozen_entry_rejected" time="0.001" /><testcase classname="tests.stage1_sctsr_v4.test_schema_registry" name="test_schema_registry_rejects_stale_or_unregistered_public_schema" time="0.001" /><testcase classname="tests.stage1_sctsr_v4.test_schema_registry" name="test_schema_registry_registers_formal_input_and_detailed_self_audit_schemas" time="0.000" /><testcase classname="tests.stage1_sctsr_v4.test_schema_registry" name="test_schema_registry_registers_one_attempt_formal_execution_schemas" time="0.000" /><testcase classname="tests.stage1_sctsr_v4.test_seed_registry" name="test_blocked_registry_is_valid_development_state" time="0.000" /><testcase classname="tests.stage1_sctsr_v4.test_seed_registry" name="test_overlapping_seed_rejected" time="0.000" /><testcase classname="tests.stage1_sctsr_v4.test_seed_registry" name="test_formal_requires_8_and_14" time="0.000" /><testcase classname="tests.stage1_sctsr_v4.test_selection_ledger" name="test_selection_row_valid" time="0.000" /><testcase classname="tests.stage1_sctsr_v4.test_selection_ledger" name="test_r2_terminal_field_rejected" time="0.000" /><testcase classname="tests.stage1_sctsr_v4.test_selection_ledger" name="test_selection_partition_written" time="0.007" /><testcase classname="tests.stage1_sctsr_v4.test_short_branch_scaffold" name="test_disabled_short_branch_schema_valid" time="0.000" /><testcase classname="tests.stage1_sctsr_v4.test_short_branch_scaffold" name="test_enabled_before_gate_rejected" time="0.000" /><testcase classname="tests.stage1_sctsr_v4.test_short_branch_scaffold" name="test_rl_selector_forbidden_even_after_gate" time="0.000" /><testcase classname="tests.stage1_sctsr_v4.test_source_identity" name="test_source_manifest_hashes_registered_files" time="0.074" /><testcase classname="tests.stage1_sctsr_v4.test_source_identity" name="test_source_manifest_rejects_unregistered_importable_file" time="0.080" /><testcase classname="tests.stage1_sctsr_v4.test_source_identity" name="test_source_manifest_rejects_missing_or_overlapping_include_paths" time="0.004" /><testcase classname="tests.stage1_sctsr_v4.test_source_identity" name="test_source_manifest_records_runtime_dependency_identity" time="0.070" /><testcase classname="tests.stage1_sctsr_v4.test_source_identity" name="test_clean_source_manifest_revalidates_current_git_head_and_worktree" time="0.382" /><testcase classname="tests.stage1_sctsr_v4.test_statistics" name="test_exact_sign_flip_small_n" time="0.000" /><testcase classname="tests.stage1_sctsr_v4.test_statistics" name="test_missing_pair_fails" time="0.000" /><testcase classname="tests.stage1_sctsr_v4.test_statistics" name="test_discovery_7_of_8_advances" time="0.000" /><testcase classname="tests.stage1_sctsr_v4.test_statistics" name="test_confirmation_12_of_14_but_negative_worst_contradicted" time="0.014" /><testcase classname="tests.stage1_sctsr_v4.test_statistics" name="test_holm_is_stepdown" time="0.000" /><testcase classname="tests.stage1_sctsr_v4.test_statistics_hardening" name="test_seven_of_eight_negative_deltas_are_contradicted_not_supported" time="0.000" /><testcase classname="tests.stage1_sctsr_v4.test_statistics_hardening" name="test_unreachable_target_anchor_fails_confirmation_closed" time="0.014" /><testcase classname="tests.stage1_sctsr_v4.test_statistics_hardening" name="test_holm_rejects_invalid_raw_p_values[-0.1]" time="0.000" /><testcase classname="tests.stage1_sctsr_v4.test_statistics_hardening" name="test_holm_rejects_invalid_raw_p_values[1.1]" time="0.000" /><testcase classname="tests.stage1_sctsr_v4.test_statistics_hardening" name="test_holm_rejects_invalid_raw_p_values[nan]" time="0.000" /><testcase classname="tests.stage1_sctsr_v4.test_statistics_hardening" name="test_holm_rejects_invalid_raw_p_values[inf]" time="0.000" /><testcase classname="tests.stage1_sctsr_v4.test_statistics_hardening" name="test_holm_requires_complete_frozen_c01_to_c08_family" time="0.000" /><testcase classname="tests.stage1_sctsr_v4.test_statistics_hardening" name="test_confirmation_allows_twelve_positive_and_two_zero_with_nonnegative_worst" time="0.004" /><testcase classname="tests.stage1_sctsr_v4.test_statistics_hardening" name="test_holm_golden_threshold_adjustment_and_stepdown_stop" time="0.000" /><testcase classname="tests.stage1_sctsr_v4.test_statistics_hardening" name="test_registered_contrast_family_is_complete_but_not_yet_formally_frozen" time="0.002" /><testcase classname="tests.stage1_sctsr_v4.test_step_ledger" name="test_step_row_valid" time="0.000" /><testcase classname="tests.stage1_sctsr_v4.test_step_ledger" name="test_extra_optimizer_step_rejected" time="0.000" /><testcase classname="tests.stage1_sctsr_v4.test_step_ledger" name="test_step_partition_written" time="0.016" /><testcase classname="tests.stage1_sctsr_v4.test_synthetic_canary" name="test_canary_runs_all_eight_arms" time="0.000" /><testcase classname="tests.stage1_sctsr_v4.test_synthetic_canary" name="test_canary_has_no_formal_side_effects" time="0.001" /><testcase classname="tests.stage1_sctsr_v4.test_synthetic_canary" name="test_canary_contains_real_checkpoint_and_ledgers" time="0.004" /><testcase classname="tests.stage1_sctsr_v4.test_synthetic_canary" name="test_synthetic_fixture_covers_taskbook_minimums" time="0.000" /><testcase classname="tests.stage1_sctsr_v4.test_synthetic_canary" name="test_canary_exercises_real_checkpoint_resume" time="0.001" /><testcase classname="tests.stage1_sctsr_v4.test_synthetic_canary" name="test_canary_predictions_contain_real_probability_ties" time="0.001" /><testcase classname="tests.stage1_sctsr_v4.test_synthetic_canary" name="test_canary_source_manifest_covers_dependency_lock_and_imported_upstream" time="0.001" /><testcase classname="tests.stage1_sctsr_v4.test_synthetic_execution" name="test_parent_then_branch" time="1.083" /><testcase classname="tests.stage1_sctsr_v4.test_telemetry" name="test_real_process_and_disk_telemetry" time="0.033" /><testcase classname="tests.stage1_sctsr_v4.test_telemetry" name="test_fake_zero_critical_telemetry_rejected" time="0.046" /><testcase classname="tests.stage1_sctsr_v4.test_telemetry" name="test_bad_cadence_rejected" time="0.031" /><testcase classname="tests.stage1_sctsr_v4.test_training_system" name="test_missing_upstream_tree_fails" time="0.002" /><testcase classname="tests.stage1_sctsr_v4.test_training_system" name="test_formal_authorization_guard" time="0.002" /><testcase classname="tests.stage1_sctsr_v4.test_training_system" name="test_upstream_binding_records_git_and_file_hashes" time="0.008" /><testcase classname="tests.stage1_sctsr_v4.test_training_system" name="test_trainer_overrides_preserve_full_canonical_lock" time="0.004" /><testcase classname="tests.stage1_sctsr_v4.test_training_system" name="test_trainer_override_cannot_change_frozen_learner" time="0.004" /><testcase classname="tests.stage1_sctsr_v4.test_ultralytics_overlay" name="test_upstream_overlay_keeps_one_step" time="0.005" /><testcase classname="tests.stage1_sctsr_v4.test_windows_long_paths" name="test_pyarrow_zstd_partition_survives_registered_path_beyond_max_path" time="0.010" /><testcase classname="tests.stage1_sctsr_v4.test_windows_long_paths" name="test_atomic_json_and_hash_survive_transaction_identity_path_beyond_max_path" time="0.020" /><testcase classname="tests.stage1_sctsr_v4.test_windows_long_paths" name="test_quarantine_accepts_unprefixed_registered_root_beyond_max_path" time="0.024" /><testcase classname="tests.stage1_sctsr_v4.test_windows_long_paths" name="test_complete_synthetic_canary_normalizes_a_long_registered_root" time="8.354" /></testsuite></testsuites>