<?xml version="1.0" encoding="utf-8"?><testsuites name="pytest tests"><testsuite name="pytest" errors="0" failures="0" skipped="0" tests="2" time="3.536" timestamp="2026-08-14T20:00:02.468643+08:00" hostname="zhangdawei"><testcase classname="tests.stage1_sctsr_v4.test_formal_execution_claim" name="test_claim_and_token_are_snapshotted_and_tamper_is_rejected" time="0.070" /><testcase classname="tests.stage1_sctsr_v4.test_cli_and_run_audit_hardening" name="test_formal_closeout_rejects_missing_execution_attempt_snapshot" time="0.001" /></testsuite></testsuites>