<?xml version="1.0" encoding="utf-8"?><testsuites name="pytest tests"><testsuite name="pytest" errors="0" failures="0" skipped="0" tests="71" time="3.574" timestamp="2026-08-13T17:48:37.495752+08:00" hostname="zhangdawei"><testcase classname="tests.stage1_sctsr_v4.test_base_rng" name="test_frozen_infinite_loader_is_reset_on_independent_counter_domains" time="0.194" /><testcase classname="tests.stage1_sctsr_v4.test_columnar" name="test_synthetic_fallback_is_explicitly_not_parquet" time="0.229" /><testcase classname="tests.stage1_sctsr_v4.test_columnar" name="test_formal_write_requires_real_engine" time="0.001" /><testcase classname="tests.stage1_sctsr_v4.test_columnar" name="test_synthetic_fallback_cannot_be_read_as_canonical" time="0.005" /><testcase classname="tests.stage1_sctsr_v4.test_epoch_transaction" name="test_atomic_epoch_commit" time="0.024" /><testcase classname="tests.stage1_sctsr_v4.test_epoch_transaction" name="test_exception_quarantines_partial" time="0.015" /><testcase classname="tests.stage1_sctsr_v4.test_epoch_transaction" name="test_duplicate_generation_rejected" time="0.005" /><testcase classname="tests.stage1_sctsr_v4.test_evidence_runtime_integration" name="test_real_epoch_evidence_is_streamed_bound_and_atomically_published" time="0.168" /><testcase classname="tests.stage1_sctsr_v4.test_evidence_runtime_integration" name="test_epoch_evidence_persists_real_dataloader_wait_sum" time="0.120" /><testcase classname="tests.stage1_sctsr_v4.test_evidence_transaction_hardening" name="test_sa_130_to_135_occurrence_schema_rejects_every_missing_required_field[replay_count_before]" time="0.001" /><testcase classname="tests.stage1_sctsr_v4.test_evidence_transaction_hardening" name="test_sa_130_to_135_occurrence_schema_rejects_every_missing_required_field[last_replay_epoch_reason]" time="0.000" /><testcase classname="tests.stage1_sctsr_v4.test_evidence_transaction_hardening" name="test_sa_130_to_135_occurrence_schema_rejects_every_missing_required_field[epochs_since_last_replay_reason]" time="0.000" /><testcase classname="tests.stage1_sctsr_v4.test_evidence_transaction_hardening" name="test_sa_130_to_135_occurrence_schema_rejects_every_missing_required_field[oof_reference_reason]" time="0.000" /><testcase classname="tests.stage1_sctsr_v4.test_evidence_transaction_hardening" name="test_sa_130_to_135_occurrence_schema_rejects_every_missing_required_field[rho_reason]" time="0.000" /><testcase classname="tests.stage1_sctsr_v4.test_evidence_transaction_hardening" name="test_sa_130_to_135_occurrence_schema_rejects_every_missing_required_field[planned_replay_epoch_reason]" time="0.000" /><testcase classname="tests.stage1_sctsr_v4.test_evidence_transaction_hardening" name="test_sa_130_to_135_occurrence_schema_rejects_every_missing_required_field[cumulative_replay_count_after]" time="0.000" /><testcase classname="tests.stage1_sctsr_v4.test_evidence_transaction_hardening" name="test_sa_130_to_135_occurrence_schema_rejects_every_missing_required_field[fallback_state]" time="0.001" /><testcase classname="tests.stage1_sctsr_v4.test_evidence_transaction_hardening" name="test_sa_134_replay_count_and_last_exposure_are_conserved" time="0.001" /><testcase classname="tests.stage1_sctsr_v4.test_evidence_transaction_hardening" name="test_sa_142_nullable_occurrence_value_requires_registered_reason" time="0.000" /><testcase classname="tests.stage1_sctsr_v4.test_evidence_transaction_hardening" name="test_sa_131_and_136_step_schema_rejects_missing_required_field[replay_rate_numerator]" time="0.000" /><testcase classname="tests.stage1_sctsr_v4.test_evidence_transaction_hardening" name="test_sa_131_and_136_step_schema_rejects_missing_required_field[base_loss_items]" time="0.000" /><testcase classname="tests.stage1_sctsr_v4.test_evidence_transaction_hardening" name="test_sa_131_and_136_step_schema_rejects_missing_required_field[parameter_grad_norm_before_clip]" time="0.000" /><testcase classname="tests.stage1_sctsr_v4.test_evidence_transaction_hardening" name="test_sa_131_and_136_step_schema_rejects_missing_required_field[learning_rates]" time="0.000" /><testcase classname="tests.stage1_sctsr_v4.test_evidence_transaction_hardening" name="test_sa_131_and_136_step_schema_rejects_missing_required_field[optimizer_hyperparameters]" time="0.000" /><testcase classname="tests.stage1_sctsr_v4.test_evidence_transaction_hardening" name="test_sa_131_and_136_step_schema_rejects_missing_required_field[amp_reason]" time="0.000" /><testcase classname="tests.stage1_sctsr_v4.test_evidence_transaction_hardening" name="test_sa_131_and_136_step_schema_rejects_missing_required_field[bn_reason]" time="0.000" /><testcase classname="tests.stage1_sctsr_v4.test_evidence_transaction_hardening" name="test_sa_131_and_136_step_schema_rejects_missing_required_field[rng_reason]" time="0.000" /><testcase classname="tests.stage1_sctsr_v4.test_evidence_transaction_hardening" name="test_sa_131_and_136_step_schema_rejects_missing_required_field[base_augmentation_digest]" time="0.001" /><testcase classname="tests.stage1_sctsr_v4.test_evidence_transaction_hardening" name="test_sa_131_and_136_step_schema_rejects_missing_required_field[dataloader_wait_seconds]" time="0.000" /><testcase classname="tests.stage1_sctsr_v4.test_evidence_transaction_hardening" name="test_sa_131_and_136_step_schema_rejects_missing_required_field[row_generation]" time="0.000" /><testcase classname="tests.stage1_sctsr_v4.test_evidence_transaction_hardening" name="test_sa_136_step_rejects_amp_skip_even_when_delta_claims_one" time="0.000" /><testcase classname="tests.stage1_sctsr_v4.test_evidence_transaction_hardening" name="test_sa_137_exposure_schema_rejects_missing_cumulative_or_telemetry_sha" time="0.002" /><testcase classname="tests.stage1_sctsr_v4.test_evidence_transaction_hardening" name="test_sa_144_selection_schema_requires_guard_quota_and_overlap" time="0.000" /><testcase classname="tests.stage1_sctsr_v4.test_evidence_transaction_hardening" name="test_sa_138_pyarrow_is_a_locked_runtime_dependency" time="0.000" /><testcase classname="tests.stage1_sctsr_v4.test_evidence_transaction_hardening" name="test_sa_138_to_140_real_parquet_has_strict_schema_zstd_and_partition_manifest" time="0.019" /><testcase classname="tests.stage1_sctsr_v4.test_evidence_transaction_hardening" name="test_sa_139_ledger_writer_rejects_unpartitioned_large_table" time="0.001" /><testcase classname="tests.stage1_sctsr_v4.test_evidence_transaction_hardening" name="test_sa_143_empty_and_unknown_sentinels_are_rejected" time="0.000" /><testcase classname="tests.stage1_sctsr_v4.test_evidence_transaction_hardening" name="test_sa_150_two_row_bad_cadence_cannot_bypass_validator" time="0.037" /><testcase classname="tests.stage1_sctsr_v4.test_evidence_transaction_hardening" name="test_sa_154_to_157_unavailable_hardware_fields_have_reason_not_fake_zero" time="0.047" /><testcase classname="tests.stage1_sctsr_v4.test_evidence_transaction_hardening" name="test_sa_158_all_critical_providers_unavailable_rejects_closeout" time="0.046" /><testcase classname="tests.stage1_sctsr_v4.test_evidence_transaction_hardening" name="test_sa_221_commit_detects_half_written_json_without_optional_validator" time="0.013" /><testcase classname="tests.stage1_sctsr_v4.test_evidence_transaction_hardening" name="test_sa_221_commit_detects_half_written_parquet_without_optional_validator" time="0.012" /><testcase classname="tests.stage1_sctsr_v4.test_evidence_transaction_hardening" name="test_sa_221_generation_manifest_binds_file_sha_and_telemetry_partition" time="0.028" /><testcase classname="tests.stage1_sctsr_v4.test_evidence_transaction_hardening" name="test_sa_227_tampered_generation_manifest_is_rejected_by_recovery_pointer" time="0.028" /><testcase classname="tests.stage1_sctsr_v4.test_evidence_transaction_hardening" name="test_sa_230_corrupt_latest_complete_generation_is_not_resumable" time="0.055" /><testcase classname="tests.stage1_sctsr_v4.test_evidence_transaction_hardening" name="test_sa_229_resume_identity_binds_rng_and_receipt_chain" time="0.000" /><testcase classname="tests.stage1_sctsr_v4.test_evidence_transaction_hardening" name="test_sa_231_repeated_quarantine_never_overwrites_previous_evidence" time="0.028" /><testcase classname="tests.stage1_sctsr_v4.test_evidence_transaction_hardening" name="test_sa_232_and_233_checkpoint_retention_keeps_anchors_and_last_two" time="0.000" /><testcase classname="tests.stage1_sctsr_v4.test_exposure_ledger" name="test_zero_replay_exposure" time="0.000" /><testcase classname="tests.stage1_sctsr_v4.test_exposure_ledger" name="test_replay_rate_conserved" time="0.000" /><testcase classname="tests.stage1_sctsr_v4.test_exposure_ledger" name="test_wrong_optimizer_steps_rejected" time="0.000" /><testcase classname="tests.stage1_sctsr_v4.test_exposure_ledger" name="test_exposure_partition_written" time="0.011" /><testcase classname="tests.stage1_sctsr_v4.test_formal_training" name="test_parent_and_branch_orchestration_preserve_parent_and_never_mislabel_synthetic" time="0.971" /><testcase classname="tests.stage1_sctsr_v4.test_occurrence_ledger" name="test_occurrence_row_valid" time="0.000" /><testcase classname="tests.stage1_sctsr_v4.test_occurrence_ledger" name="test_occurrence_missing_field_rejected" time="0.000" /><testcase classname="tests.stage1_sctsr_v4.test_occurrence_ledger" name="test_candidate_signal_must_be_nonutility" time="0.000" /><testcase classname="tests.stage1_sctsr_v4.test_occurrence_ledger" name="test_occurrence_partition_written" time="0.012" /><testcase classname="tests.stage1_sctsr_v4.test_recovery" name="test_find_last_complete_and_pointer" time="0.068" /><testcase classname="tests.stage1_sctsr_v4.test_recovery" name="test_quarantine_inprogress" time="0.007" /><testcase classname="tests.stage1_sctsr_v4.test_recovery" name="test_resume_identity_mismatch_rejected" time="0.000" /><testcase classname="tests.stage1_sctsr_v4.test_recovery" name="test_corrupt_pointer_rejected" time="0.001" /><testcase classname="tests.stage1_sctsr_v4.test_selection_ledger" name="test_selection_row_valid" time="0.000" /><testcase classname="tests.stage1_sctsr_v4.test_selection_ledger" name="test_r2_terminal_field_rejected" time="0.000" /><testcase classname="tests.stage1_sctsr_v4.test_selection_ledger" name="test_selection_partition_written" time="0.006" /><testcase classname="tests.stage1_sctsr_v4.test_step_ledger" name="test_step_row_valid" time="0.000" /><testcase classname="tests.stage1_sctsr_v4.test_step_ledger" name="test_extra_optimizer_step_rejected" time="0.000" /><testcase classname="tests.stage1_sctsr_v4.test_step_ledger" name="test_step_partition_written" time="0.013" /><testcase classname="tests.stage1_sctsr_v4.test_telemetry" name="test_real_process_and_disk_telemetry" time="0.033" /><testcase classname="tests.stage1_sctsr_v4.test_telemetry" name="test_fake_zero_critical_telemetry_rejected" time="0.031" /><testcase classname="tests.stage1_sctsr_v4.test_telemetry" name="test_bad_cadence_rejected" time="0.032" /><testcase classname="tests.stage1_sctsr_v4.test_windows_long_paths" name="test_pyarrow_zstd_partition_survives_registered_path_beyond_max_path" time="0.008" /></testsuite></testsuites>