<?xml version="1.0" encoding="utf-8"?><testsuites name="pytest tests"><testsuite name="pytest" errors="0" failures="36" skipped="0" tests="39" time="1.560" timestamp="2026-08-13T16:43:42.776813+08:00" hostname="zhangdawei"><testcase classname="tests.red_commit_05.test_evidence_transaction_hardening" name="test_sa_130_to_135_occurrence_schema_rejects_every_missing_required_field[replay_count_before]" time="0.000"><failure message="Failed: DID NOT RAISE &lt;class 'stage1_sctsr_v4.errors.SctsrError'&gt;">field = 'replay_count_before'

    @pytest.mark.parametrize(
        "field",
        [
            "replay_count_before",
            "last_replay_epoch_reason",
            "epochs_since_last_replay_reason",
            "oof_reference_reason",
            "rho_reason",
            "planned_replay_epoch_reason",
            "cumulative_replay_count_after",
            "fallback_state",
        ],
    )
    def test_sa_130_to_135_occurrence_schema_rejects_every_missing_required_field(field: str):
        row = occurrence_row(role="REPLAY")
        del row[field]
&gt;       with pytest.raises(SctsrError) as captured:
E       Failed: DID NOT RAISE &lt;class 'stage1_sctsr_v4.errors.SctsrError'&gt;

tests\red_commit_05\test_evidence_transaction_hardening.py:219: Failed</failure></testcase><testcase classname="tests.red_commit_05.test_evidence_transaction_hardening" name="test_sa_130_to_135_occurrence_schema_rejects_every_missing_required_field[last_replay_epoch_reason]" time="0.000"><failure message="Failed: DID NOT RAISE &lt;class 'stage1_sctsr_v4.errors.SctsrError'&gt;">field = 'last_replay_epoch_reason'

    @pytest.mark.parametrize(
        "field",
        [
            "replay_count_before",
            "last_replay_epoch_reason",
            "epochs_since_last_replay_reason",
            "oof_reference_reason",
            "rho_reason",
            "planned_replay_epoch_reason",
            "cumulative_replay_count_after",
            "fallback_state",
        ],
    )
    def test_sa_130_to_135_occurrence_schema_rejects_every_missing_required_field(field: str):
        row = occurrence_row(role="REPLAY")
        del row[field]
&gt;       with pytest.raises(SctsrError) as captured:
E       Failed: DID NOT RAISE &lt;class 'stage1_sctsr_v4.errors.SctsrError'&gt;

tests\red_commit_05\test_evidence_transaction_hardening.py:219: Failed</failure></testcase><testcase classname="tests.red_commit_05.test_evidence_transaction_hardening" name="test_sa_130_to_135_occurrence_schema_rejects_every_missing_required_field[epochs_since_last_replay_reason]" time="0.000"><failure message="Failed: DID NOT RAISE &lt;class 'stage1_sctsr_v4.errors.SctsrError'&gt;">field = 'epochs_since_last_replay_reason'

    @pytest.mark.parametrize(
        "field",
        [
            "replay_count_before",
            "last_replay_epoch_reason",
            "epochs_since_last_replay_reason",
            "oof_reference_reason",
            "rho_reason",
            "planned_replay_epoch_reason",
            "cumulative_replay_count_after",
            "fallback_state",
        ],
    )
    def test_sa_130_to_135_occurrence_schema_rejects_every_missing_required_field(field: str):
        row = occurrence_row(role="REPLAY")
        del row[field]
&gt;       with pytest.raises(SctsrError) as captured:
E       Failed: DID NOT RAISE &lt;class 'stage1_sctsr_v4.errors.SctsrError'&gt;

tests\red_commit_05\test_evidence_transaction_hardening.py:219: Failed</failure></testcase><testcase classname="tests.red_commit_05.test_evidence_transaction_hardening" name="test_sa_130_to_135_occurrence_schema_rejects_every_missing_required_field[oof_reference_reason]" time="0.000"><failure message="Failed: DID NOT RAISE &lt;class 'stage1_sctsr_v4.errors.SctsrError'&gt;">field = 'oof_reference_reason'

    @pytest.mark.parametrize(
        "field",
        [
            "replay_count_before",
            "last_replay_epoch_reason",
            "epochs_since_last_replay_reason",
            "oof_reference_reason",
            "rho_reason",
            "planned_replay_epoch_reason",
            "cumulative_replay_count_after",
            "fallback_state",
        ],
    )
    def test_sa_130_to_135_occurrence_schema_rejects_every_missing_required_field(field: str):
        row = occurrence_row(role="REPLAY")
        del row[field]
&gt;       with pytest.raises(SctsrError) as captured:
E       Failed: DID NOT RAISE &lt;class 'stage1_sctsr_v4.errors.SctsrError'&gt;

tests\red_commit_05\test_evidence_transaction_hardening.py:219: Failed</failure></testcase><testcase classname="tests.red_commit_05.test_evidence_transaction_hardening" name="test_sa_130_to_135_occurrence_schema_rejects_every_missing_required_field[rho_reason]" time="0.000"><failure message="Failed: DID NOT RAISE &lt;class 'stage1_sctsr_v4.errors.SctsrError'&gt;">field = 'rho_reason'

    @pytest.mark.parametrize(
        "field",
        [
            "replay_count_before",
            "last_replay_epoch_reason",
            "epochs_since_last_replay_reason",
            "oof_reference_reason",
            "rho_reason",
            "planned_replay_epoch_reason",
            "cumulative_replay_count_after",
            "fallback_state",
        ],
    )
    def test_sa_130_to_135_occurrence_schema_rejects_every_missing_required_field(field: str):
        row = occurrence_row(role="REPLAY")
        del row[field]
&gt;       with pytest.raises(SctsrError) as captured:
E       Failed: DID NOT RAISE &lt;class 'stage1_sctsr_v4.errors.SctsrError'&gt;

tests\red_commit_05\test_evidence_transaction_hardening.py:219: Failed</failure></testcase><testcase classname="tests.red_commit_05.test_evidence_transaction_hardening" name="test_sa_130_to_135_occurrence_schema_rejects_every_missing_required_field[planned_replay_epoch_reason]" time="0.000"><failure message="Failed: DID NOT RAISE &lt;class 'stage1_sctsr_v4.errors.SctsrError'&gt;">field = 'planned_replay_epoch_reason'

    @pytest.mark.parametrize(
        "field",
        [
            "replay_count_before",
            "last_replay_epoch_reason",
            "epochs_since_last_replay_reason",
            "oof_reference_reason",
            "rho_reason",
            "planned_replay_epoch_reason",
            "cumulative_replay_count_after",
            "fallback_state",
        ],
    )
    def test_sa_130_to_135_occurrence_schema_rejects_every_missing_required_field(field: str):
        row = occurrence_row(role="REPLAY")
        del row[field]
&gt;       with pytest.raises(SctsrError) as captured:
E       Failed: DID NOT RAISE &lt;class 'stage1_sctsr_v4.errors.SctsrError'&gt;

tests\red_commit_05\test_evidence_transaction_hardening.py:219: Failed</failure></testcase><testcase classname="tests.red_commit_05.test_evidence_transaction_hardening" name="test_sa_130_to_135_occurrence_schema_rejects_every_missing_required_field[cumulative_replay_count_after]" time="0.000"><failure message="Failed: DID NOT RAISE &lt;class 'stage1_sctsr_v4.errors.SctsrError'&gt;">field = 'cumulative_replay_count_after'

    @pytest.mark.parametrize(
        "field",
        [
            "replay_count_before",
            "last_replay_epoch_reason",
            "epochs_since_last_replay_reason",
            "oof_reference_reason",
            "rho_reason",
            "planned_replay_epoch_reason",
            "cumulative_replay_count_after",
            "fallback_state",
        ],
    )
    def test_sa_130_to_135_occurrence_schema_rejects_every_missing_required_field(field: str):
        row = occurrence_row(role="REPLAY")
        del row[field]
&gt;       with pytest.raises(SctsrError) as captured:
E       Failed: DID NOT RAISE &lt;class 'stage1_sctsr_v4.errors.SctsrError'&gt;

tests\red_commit_05\test_evidence_transaction_hardening.py:219: Failed</failure></testcase><testcase classname="tests.red_commit_05.test_evidence_transaction_hardening" name="test_sa_130_to_135_occurrence_schema_rejects_every_missing_required_field[fallback_state]" time="0.000"><failure message="Failed: DID NOT RAISE &lt;class 'stage1_sctsr_v4.errors.SctsrError'&gt;">field = 'fallback_state'

    @pytest.mark.parametrize(
        "field",
        [
            "replay_count_before",
            "last_replay_epoch_reason",
            "epochs_since_last_replay_reason",
            "oof_reference_reason",
            "rho_reason",
            "planned_replay_epoch_reason",
            "cumulative_replay_count_after",
            "fallback_state",
        ],
    )
    def test_sa_130_to_135_occurrence_schema_rejects_every_missing_required_field(field: str):
        row = occurrence_row(role="REPLAY")
        del row[field]
&gt;       with pytest.raises(SctsrError) as captured:
E       Failed: DID NOT RAISE &lt;class 'stage1_sctsr_v4.errors.SctsrError'&gt;

tests\red_commit_05\test_evidence_transaction_hardening.py:219: Failed</failure></testcase><testcase classname="tests.red_commit_05.test_evidence_transaction_hardening" name="test_sa_134_replay_count_and_last_exposure_are_conserved" time="0.000"><failure message="Failed: DID NOT RAISE &lt;class 'stage1_sctsr_v4.errors.SctsrError'&gt;">def test_sa_134_replay_count_and_last_exposure_are_conserved():
        row = occurrence_row(role="REPLAY")
        row["replay_count_after"] = 2
&gt;       with pytest.raises(SctsrError):
E       Failed: DID NOT RAISE &lt;class 'stage1_sctsr_v4.errors.SctsrError'&gt;

tests\red_commit_05\test_evidence_transaction_hardening.py:227: Failed</failure></testcase><testcase classname="tests.red_commit_05.test_evidence_transaction_hardening" name="test_sa_142_nullable_occurrence_value_requires_registered_reason" time="0.000"><failure message="Failed: DID NOT RAISE &lt;class 'stage1_sctsr_v4.errors.SctsrError'&gt;">def test_sa_142_nullable_occurrence_value_requires_registered_reason():
        row = occurrence_row(role="REPLAY")
        row["last_replay_epoch"] = None
        row["last_replay_epoch_reason"] = "PRESENT"
&gt;       with pytest.raises(SctsrError):
E       Failed: DID NOT RAISE &lt;class 'stage1_sctsr_v4.errors.SctsrError'&gt;

tests\red_commit_05\test_evidence_transaction_hardening.py:235: Failed</failure></testcase><testcase classname="tests.red_commit_05.test_evidence_transaction_hardening" name="test_sa_131_and_136_step_schema_rejects_missing_required_field[replay_rate_numerator]" time="0.000"><failure message="Failed: DID NOT RAISE &lt;class 'stage1_sctsr_v4.errors.SctsrError'&gt;">field = 'replay_rate_numerator'

    @pytest.mark.parametrize(
        "field",
        [
            "replay_rate_numerator",
            "base_loss_items",
            "parameter_grad_norm_before_clip",
            "learning_rates",
            "optimizer_hyperparameters",
            "amp_reason",
            "bn_reason",
            "rng_reason",
            "base_augmentation_digest",
            "dataloader_wait_seconds",
            "row_generation",
        ],
    )
    def test_sa_131_and_136_step_schema_rejects_missing_required_field(field: str):
        row = step_row()
        del row[field]
&gt;       with pytest.raises(SctsrError) as captured:
E       Failed: DID NOT RAISE &lt;class 'stage1_sctsr_v4.errors.SctsrError'&gt;

tests\red_commit_05\test_evidence_transaction_hardening.py:258: Failed</failure></testcase><testcase classname="tests.red_commit_05.test_evidence_transaction_hardening" name="test_sa_131_and_136_step_schema_rejects_missing_required_field[base_loss_items]" time="0.000"><failure message="Failed: DID NOT RAISE &lt;class 'stage1_sctsr_v4.errors.SctsrError'&gt;">field = 'base_loss_items'

    @pytest.mark.parametrize(
        "field",
        [
            "replay_rate_numerator",
            "base_loss_items",
            "parameter_grad_norm_before_clip",
            "learning_rates",
            "optimizer_hyperparameters",
            "amp_reason",
            "bn_reason",
            "rng_reason",
            "base_augmentation_digest",
            "dataloader_wait_seconds",
            "row_generation",
        ],
    )
    def test_sa_131_and_136_step_schema_rejects_missing_required_field(field: str):
        row = step_row()
        del row[field]
&gt;       with pytest.raises(SctsrError) as captured:
E       Failed: DID NOT RAISE &lt;class 'stage1_sctsr_v4.errors.SctsrError'&gt;

tests\red_commit_05\test_evidence_transaction_hardening.py:258: Failed</failure></testcase><testcase classname="tests.red_commit_05.test_evidence_transaction_hardening" name="test_sa_131_and_136_step_schema_rejects_missing_required_field[parameter_grad_norm_before_clip]" time="0.000"><failure message="Failed: DID NOT RAISE &lt;class 'stage1_sctsr_v4.errors.SctsrError'&gt;">field = 'parameter_grad_norm_before_clip'

    @pytest.mark.parametrize(
        "field",
        [
            "replay_rate_numerator",
            "base_loss_items",
            "parameter_grad_norm_before_clip",
            "learning_rates",
            "optimizer_hyperparameters",
            "amp_reason",
            "bn_reason",
            "rng_reason",
            "base_augmentation_digest",
            "dataloader_wait_seconds",
            "row_generation",
        ],
    )
    def test_sa_131_and_136_step_schema_rejects_missing_required_field(field: str):
        row = step_row()
        del row[field]
&gt;       with pytest.raises(SctsrError) as captured:
E       Failed: DID NOT RAISE &lt;class 'stage1_sctsr_v4.errors.SctsrError'&gt;

tests\red_commit_05\test_evidence_transaction_hardening.py:258: Failed</failure></testcase><testcase classname="tests.red_commit_05.test_evidence_transaction_hardening" name="test_sa_131_and_136_step_schema_rejects_missing_required_field[learning_rates]" time="0.000"><failure message="Failed: DID NOT RAISE &lt;class 'stage1_sctsr_v4.errors.SctsrError'&gt;">field = 'learning_rates'

    @pytest.mark.parametrize(
        "field",
        [
            "replay_rate_numerator",
            "base_loss_items",
            "parameter_grad_norm_before_clip",
            "learning_rates",
            "optimizer_hyperparameters",
            "amp_reason",
            "bn_reason",
            "rng_reason",
            "base_augmentation_digest",
            "dataloader_wait_seconds",
            "row_generation",
        ],
    )
    def test_sa_131_and_136_step_schema_rejects_missing_required_field(field: str):
        row = step_row()
        del row[field]
&gt;       with pytest.raises(SctsrError) as captured:
E       Failed: DID NOT RAISE &lt;class 'stage1_sctsr_v4.errors.SctsrError'&gt;

tests\red_commit_05\test_evidence_transaction_hardening.py:258: Failed</failure></testcase><testcase classname="tests.red_commit_05.test_evidence_transaction_hardening" name="test_sa_131_and_136_step_schema_rejects_missing_required_field[optimizer_hyperparameters]" time="0.000"><failure message="Failed: DID NOT RAISE &lt;class 'stage1_sctsr_v4.errors.SctsrError'&gt;">field = 'optimizer_hyperparameters'

    @pytest.mark.parametrize(
        "field",
        [
            "replay_rate_numerator",
            "base_loss_items",
            "parameter_grad_norm_before_clip",
            "learning_rates",
            "optimizer_hyperparameters",
            "amp_reason",
            "bn_reason",
            "rng_reason",
            "base_augmentation_digest",
            "dataloader_wait_seconds",
            "row_generation",
        ],
    )
    def test_sa_131_and_136_step_schema_rejects_missing_required_field(field: str):
        row = step_row()
        del row[field]
&gt;       with pytest.raises(SctsrError) as captured:
E       Failed: DID NOT RAISE &lt;class 'stage1_sctsr_v4.errors.SctsrError'&gt;

tests\red_commit_05\test_evidence_transaction_hardening.py:258: Failed</failure></testcase><testcase classname="tests.red_commit_05.test_evidence_transaction_hardening" name="test_sa_131_and_136_step_schema_rejects_missing_required_field[amp_reason]" time="0.000"><failure message="Failed: DID NOT RAISE &lt;class 'stage1_sctsr_v4.errors.SctsrError'&gt;">field = 'amp_reason'

    @pytest.mark.parametrize(
        "field",
        [
            "replay_rate_numerator",
            "base_loss_items",
            "parameter_grad_norm_before_clip",
            "learning_rates",
            "optimizer_hyperparameters",
            "amp_reason",
            "bn_reason",
            "rng_reason",
            "base_augmentation_digest",
            "dataloader_wait_seconds",
            "row_generation",
        ],
    )
    def test_sa_131_and_136_step_schema_rejects_missing_required_field(field: str):
        row = step_row()
        del row[field]
&gt;       with pytest.raises(SctsrError) as captured:
E       Failed: DID NOT RAISE &lt;class 'stage1_sctsr_v4.errors.SctsrError'&gt;

tests\red_commit_05\test_evidence_transaction_hardening.py:258: Failed</failure></testcase><testcase classname="tests.red_commit_05.test_evidence_transaction_hardening" name="test_sa_131_and_136_step_schema_rejects_missing_required_field[bn_reason]" time="0.000"><failure message="Failed: DID NOT RAISE &lt;class 'stage1_sctsr_v4.errors.SctsrError'&gt;">field = 'bn_reason'

    @pytest.mark.parametrize(
        "field",
        [
            "replay_rate_numerator",
            "base_loss_items",
            "parameter_grad_norm_before_clip",
            "learning_rates",
            "optimizer_hyperparameters",
            "amp_reason",
            "bn_reason",
            "rng_reason",
            "base_augmentation_digest",
            "dataloader_wait_seconds",
            "row_generation",
        ],
    )
    def test_sa_131_and_136_step_schema_rejects_missing_required_field(field: str):
        row = step_row()
        del row[field]
&gt;       with pytest.raises(SctsrError) as captured:
E       Failed: DID NOT RAISE &lt;class 'stage1_sctsr_v4.errors.SctsrError'&gt;

tests\red_commit_05\test_evidence_transaction_hardening.py:258: Failed</failure></testcase><testcase classname="tests.red_commit_05.test_evidence_transaction_hardening" name="test_sa_131_and_136_step_schema_rejects_missing_required_field[rng_reason]" time="0.000"><failure message="Failed: DID NOT RAISE &lt;class 'stage1_sctsr_v4.errors.SctsrError'&gt;">field = 'rng_reason'

    @pytest.mark.parametrize(
        "field",
        [
            "replay_rate_numerator",
            "base_loss_items",
            "parameter_grad_norm_before_clip",
            "learning_rates",
            "optimizer_hyperparameters",
            "amp_reason",
            "bn_reason",
            "rng_reason",
            "base_augmentation_digest",
            "dataloader_wait_seconds",
            "row_generation",
        ],
    )
    def test_sa_131_and_136_step_schema_rejects_missing_required_field(field: str):
        row = step_row()
        del row[field]
&gt;       with pytest.raises(SctsrError) as captured:
E       Failed: DID NOT RAISE &lt;class 'stage1_sctsr_v4.errors.SctsrError'&gt;

tests\red_commit_05\test_evidence_transaction_hardening.py:258: Failed</failure></testcase><testcase classname="tests.red_commit_05.test_evidence_transaction_hardening" name="test_sa_131_and_136_step_schema_rejects_missing_required_field[base_augmentation_digest]" time="0.000"><failure message="Failed: DID NOT RAISE &lt;class 'stage1_sctsr_v4.errors.SctsrError'&gt;">field = 'base_augmentation_digest'

    @pytest.mark.parametrize(
        "field",
        [
            "replay_rate_numerator",
            "base_loss_items",
            "parameter_grad_norm_before_clip",
            "learning_rates",
            "optimizer_hyperparameters",
            "amp_reason",
            "bn_reason",
            "rng_reason",
            "base_augmentation_digest",
            "dataloader_wait_seconds",
            "row_generation",
        ],
    )
    def test_sa_131_and_136_step_schema_rejects_missing_required_field(field: str):
        row = step_row()
        del row[field]
&gt;       with pytest.raises(SctsrError) as captured:
E       Failed: DID NOT RAISE &lt;class 'stage1_sctsr_v4.errors.SctsrError'&gt;

tests\red_commit_05\test_evidence_transaction_hardening.py:258: Failed</failure></testcase><testcase classname="tests.red_commit_05.test_evidence_transaction_hardening" name="test_sa_131_and_136_step_schema_rejects_missing_required_field[dataloader_wait_seconds]" time="0.000"><failure message="Failed: DID NOT RAISE &lt;class 'stage1_sctsr_v4.errors.SctsrError'&gt;">field = 'dataloader_wait_seconds'

    @pytest.mark.parametrize(
        "field",
        [
            "replay_rate_numerator",
            "base_loss_items",
            "parameter_grad_norm_before_clip",
            "learning_rates",
            "optimizer_hyperparameters",
            "amp_reason",
            "bn_reason",
            "rng_reason",
            "base_augmentation_digest",
            "dataloader_wait_seconds",
            "row_generation",
        ],
    )
    def test_sa_131_and_136_step_schema_rejects_missing_required_field(field: str):
        row = step_row()
        del row[field]
&gt;       with pytest.raises(SctsrError) as captured:
E       Failed: DID NOT RAISE &lt;class 'stage1_sctsr_v4.errors.SctsrError'&gt;

tests\red_commit_05\test_evidence_transaction_hardening.py:258: Failed</failure></testcase><testcase classname="tests.red_commit_05.test_evidence_transaction_hardening" name="test_sa_131_and_136_step_schema_rejects_missing_required_field[row_generation]" time="0.000"><failure message="Failed: DID NOT RAISE &lt;class 'stage1_sctsr_v4.errors.SctsrError'&gt;">field = 'row_generation'

    @pytest.mark.parametrize(
        "field",
        [
            "replay_rate_numerator",
            "base_loss_items",
            "parameter_grad_norm_before_clip",
            "learning_rates",
            "optimizer_hyperparameters",
            "amp_reason",
            "bn_reason",
            "rng_reason",
            "base_augmentation_digest",
            "dataloader_wait_seconds",
            "row_generation",
        ],
    )
    def test_sa_131_and_136_step_schema_rejects_missing_required_field(field: str):
        row = step_row()
        del row[field]
&gt;       with pytest.raises(SctsrError) as captured:
E       Failed: DID NOT RAISE &lt;class 'stage1_sctsr_v4.errors.SctsrError'&gt;

tests\red_commit_05\test_evidence_transaction_hardening.py:258: Failed</failure></testcase><testcase classname="tests.red_commit_05.test_evidence_transaction_hardening" name="test_sa_136_step_rejects_amp_skip_even_when_delta_claims_one" time="0.000"><failure message="Failed: DID NOT RAISE &lt;class 'stage1_sctsr_v4.errors.SctsrError'&gt;">def test_sa_136_step_rejects_amp_skip_even_when_delta_claims_one():
        row = step_row()
        row["overflow_or_step_skipped"] = True
&gt;       with pytest.raises(SctsrError) as captured:
E       Failed: DID NOT RAISE &lt;class 'stage1_sctsr_v4.errors.SctsrError'&gt;

tests\red_commit_05\test_evidence_transaction_hardening.py:266: Failed</failure></testcase><testcase classname="tests.red_commit_05.test_evidence_transaction_hardening" name="test_sa_137_exposure_schema_rejects_missing_cumulative_or_telemetry_sha" time="0.004" /><testcase classname="tests.red_commit_05.test_evidence_transaction_hardening" name="test_sa_144_selection_schema_requires_guard_quota_and_overlap" time="0.000"><failure message="Failed: DID NOT RAISE &lt;class 'stage1_sctsr_v4.errors.SctsrError'&gt;">def test_sa_144_selection_schema_requires_guard_quota_and_overlap():
        for field in ("allowed_strata", "stratum_quota_required", "terminal_field_guard_digest", "duplicate_overlap_status"):
            row = selection_row()
            del row[field]
&gt;           with pytest.raises(SctsrError):
E           Failed: DID NOT RAISE &lt;class 'stage1_sctsr_v4.errors.SctsrError'&gt;

tests\red_commit_05\test_evidence_transaction_hardening.py:283: Failed</failure></testcase><testcase classname="tests.red_commit_05.test_evidence_transaction_hardening" name="test_sa_138_pyarrow_is_a_locked_runtime_dependency" time="0.001"><failure message="AssertionError: canonical SCTSR evidence requires real PyArrow/Zstd&#10;assert False&#10; +  where False = parquet_engine_available()">def test_sa_138_pyarrow_is_a_locked_runtime_dependency():
&gt;       assert parquet_engine_available(), "canonical SCTSR evidence requires real PyArrow/Zstd"
E       AssertionError: canonical SCTSR evidence requires real PyArrow/Zstd
E       assert False
E        +  where False = parquet_engine_available()

tests\red_commit_05\test_evidence_transaction_hardening.py:288: AssertionError</failure></testcase><testcase classname="tests.red_commit_05.test_evidence_transaction_hardening" name="test_sa_138_to_140_real_parquet_has_strict_schema_zstd_and_partition_manifest" time="0.002"><failure message="stage1_sctsr_v4.errors.SctsrError: COLUMNAR_ENGINE_UNAVAILABLE: PyArrow is required for canonical Zstd Parquet; portable fallback is synthetic-only and disabled">tmp_path = WindowsPath('C:/Users/28898/AppData/Local/Temp/pytest-of-28898/pytest-1426/test_sa_138_to_140_real_parque0')

    def test_sa_138_to_140_real_parquet_has_strict_schema_zstd_and_partition_manifest(tmp_path: Path):
        path = tmp_path / "occurrence" / "run_id=run-1" / "epoch=0121" / "part-00000.parquet"
&gt;       manifest = write_occurrence_partition([occurrence_row()], path)
                   ^^^^^^^^^^^^^^^^^^^^^^^^^^^^^^^^^^^^^^^^^^^^^^^^^^^^

tests\red_commit_05\test_evidence_transaction_hardening.py:293:
_ _ _ _ _ _ _ _ _ _ _ _ _ _ _ _ _ _ _ _ _ _ _ _ _ _ _ _ _ _ _ _ _ _ _ _ _ _ _ _
stage1_sctsr_v4\occurrence_ledger.py:37: in write_occurrence_partition
    return write_zstd_parquet(rows, path, schema_version="stage1.sctsr.occurrence_ledger.v1")
           ^^^^^^^^^^^^^^^^^^^^^^^^^^^^^^^^^^^^^^^^^^^^^^^^^^^^^^^^^^^^^^^^^^^^^^^^^^^^^^^^^^
_ _ _ _ _ _ _ _ _ _ _ _ _ _ _ _ _ _ _ _ _ _ _ _ _ _ _ _ _ _ _ _ _ _ _ _ _ _ _ _

rows = [{'arm_id': 'NR', 'augmentation_seed': 123, 'augmentation_trace_digest': 'AAAAAAAAAAAAAAAAAAAAAAAAAAAAAAAAAAAAAAAAAAAAAAAAAAAAAAAAAAAAAAAA', 'base_batch_index': 0, ...}]
path = WindowsPath('C:/Users/28898/AppData/Local/Temp/pytest-of-28898/pytest-1426/test_sa_138_to_140_real_parque0/occurrence/run_id=run-1/epoch=0121/part-00000.parquet')

    def write_zstd_parquet(
        rows: Sequence[Mapping[str, Any]], path: str | Path, *, schema_version: str,
        allow_synthetic_portable_fallback: bool | None = None,
    ) -&gt; ColumnarManifest:
        destination = Path(path)
        destination.parent.mkdir(parents=True, exist_ok=True)
        engine = _pyarrow_modules()
        if engine is not None:
            pa, pq = engine
            table = pa.Table.from_pylist([dict(row) for row in rows])
            metadata = dict(table.schema.metadata or {})
            metadata[b"sctsr_schema_version"] = schema_version.encode("utf-8")
            metadata[b"sctsr_semantic"] = b"CANONICAL_ZSTD_PARQUET"
            table = table.replace_schema_metadata(metadata)
            temp = destination.with_name(destination.name + ".inprogress")
            pq.write_table(table, temp, compression="zstd", use_dictionary=True, write_statistics=True)
            os.replace(temp, destination)
            storage_format = "PARQUET_ZSTD"
        else:
            allow = allow_synthetic_portable_fallback
            if allow is None:
                allow = os.environ.get("SCTSR_ALLOW_SYNTHETIC_COLUMNAR_FALLBACK") == "1"
            if not allow:
&gt;               raise SctsrError(
                    ErrorCode.COLUMNAR_ENGINE_UNAVAILABLE,
                    "PyArrow is required for canonical Zstd Parquet; portable fallback is synthetic-only and disabled",
                    required_action="Install pyarrow in the Python 3.11/3.12 project environment",
                )
E               stage1_sctsr_v4.errors.SctsrError: COLUMNAR_ENGINE_UNAVAILABLE: PyArrow is required for canonical Zstd Parquet; portable fallback is synthetic-only and disabled

stage1_sctsr_v4\columnar.py:63: SctsrError</failure></testcase><testcase classname="tests.red_commit_05.test_evidence_transaction_hardening" name="test_sa_139_ledger_writer_rejects_unpartitioned_large_table" time="0.001" /><testcase classname="tests.red_commit_05.test_evidence_transaction_hardening" name="test_sa_143_empty_and_unknown_sentinels_are_rejected" time="0.000"><failure message="Failed: DID NOT RAISE &lt;class 'stage1_sctsr_v4.errors.SctsrError'&gt;">def test_sa_143_empty_and_unknown_sentinels_are_rejected():
        for invalid in ("", "unknown", "UNKNOWN", "同上"):
            row = occurrence_row()
            row["selection_reason_code"] = invalid
&gt;           with pytest.raises(SctsrError):
E           Failed: DID NOT RAISE &lt;class 'stage1_sctsr_v4.errors.SctsrError'&gt;

tests\red_commit_05\test_evidence_transaction_hardening.py:318: Failed</failure></testcase><testcase classname="tests.red_commit_05.test_evidence_transaction_hardening" name="test_sa_150_two_row_bad_cadence_cannot_bypass_validator" time="1.184"><failure message="Failed: DID NOT RAISE &lt;class 'stage1_sctsr_v4.errors.SctsrError'&gt;">tmp_path = WindowsPath('C:/Users/28898/AppData/Local/Temp/pytest-of-28898/pytest-1426/test_sa_150_two_row_bad_cadenc0')

    def test_sa_150_two_row_bad_cadence_cannot_bypass_validator(tmp_path: Path):
        row = sample_telemetry(run_id="run-1", arm_id="NR", training_seed=1, epoch=121, run_path=tmp_path, artifact_path=tmp_path)
&gt;       with pytest.raises(SctsrError):
E       Failed: DID NOT RAISE &lt;class 'stage1_sctsr_v4.errors.SctsrError'&gt;

tests\red_commit_05\test_evidence_transaction_hardening.py:324: Failed</failure></testcase><testcase classname="tests.red_commit_05.test_evidence_transaction_hardening" name="test_sa_154_to_157_unavailable_hardware_fields_have_reason_not_fake_zero" time="0.002"><failure message="TypeError: cannot pickle 'torch._C._CUuuid' object">tmp_path = WindowsPath('C:/Users/28898/AppData/Local/Temp/pytest-of-28898/pytest-1426/test_sa_154_to_157_unavailable0')

    def test_sa_154_to_157_unavailable_hardware_fields_have_reason_not_fake_zero(tmp_path: Path):
        row = sample_telemetry(run_id="run-1", arm_id="NR", training_seed=1, epoch=121, run_path=tmp_path, artifact_path=tmp_path)
&gt;       values = asdict(row)
                 ^^^^^^^^^^^

tests\red_commit_05\test_evidence_transaction_hardening.py:330:
_ _ _ _ _ _ _ _ _ _ _ _ _ _ _ _ _ _ _ _ _ _ _ _ _ _ _ _ _ _ _ _ _ _ _ _ _ _ _ _
..\..\..\..\Roaming\uv\python\cpython-3.11-windows-x86_64-none\Lib\dataclasses.py:1286: in asdict
    return _asdict_inner(obj, dict_factory)
           ^^^^^^^^^^^^^^^^^^^^^^^^^^^^^^^^
..\..\..\..\Roaming\uv\python\cpython-3.11-windows-x86_64-none\Lib\dataclasses.py:1293: in _asdict_inner
    value = _asdict_inner(getattr(obj, f.name), dict_factory)
            ^^^^^^^^^^^^^^^^^^^^^^^^^^^^^^^^^^^^^^^^^^^^^^^^^
..\..\..\..\Roaming\uv\python\cpython-3.11-windows-x86_64-none\Lib\dataclasses.py:1327: in _asdict_inner
    return copy.deepcopy(obj)
           ^^^^^^^^^^^^^^^^^^
_ _ _ _ _ _ _ _ _ _ _ _ _ _ _ _ _ _ _ _ _ _ _ _ _ _ _ _ _ _ _ _ _ _ _ _ _ _ _ _

x = &lt;torch._C._CUuuid object at 0x000001CF8FCA97B0&gt;, memo = {}, _nil = []

    def deepcopy(x, memo=None, _nil=[]):
        """Deep copy operation on arbitrary Python objects.

        See the module's __doc__ string for more info.
        """

        if memo is None:
            memo = {}

        d = id(x)
        y = memo.get(d, _nil)
        if y is not _nil:
            return y

        cls = type(x)

        copier = _deepcopy_dispatch.get(cls)
        if copier is not None:
            y = copier(x, memo)
        else:
            if issubclass(cls, type):
                y = _deepcopy_atomic(x, memo)
            else:
                copier = getattr(x, "__deepcopy__", None)
                if copier is not None:
                    y = copier(memo)
                else:
                    reductor = dispatch_table.get(cls)
                    if reductor:
                        rv = reductor(x)
                    else:
                        reductor = getattr(x, "__reduce_ex__", None)
                        if reductor is not None:
&gt;                           rv = reductor(4)
                                 ^^^^^^^^^^^
E                           TypeError: cannot pickle 'torch._C._CUuuid' object

..\..\..\..\Roaming\uv\python\cpython-3.11-windows-x86_64-none\Lib\copy.py:161: TypeError</failure></testcase><testcase classname="tests.red_commit_05.test_evidence_transaction_hardening" name="test_sa_158_all_critical_providers_unavailable_rejects_closeout" time="0.002" /><testcase classname="tests.red_commit_05.test_evidence_transaction_hardening" name="test_sa_221_commit_detects_half_written_json_without_optional_validator" time="0.017"><failure message="Failed: DID NOT RAISE &lt;class 'stage1_sctsr_v4.errors.SctsrError'&gt;">tmp_path = WindowsPath('C:/Users/28898/AppData/Local/Temp/pytest-of-28898/pytest-1426/test_sa_221_commit_detects_hal0')

    def test_sa_221_commit_detects_half_written_json_without_optional_validator(tmp_path: Path):
        tx = EpochTransaction(tmp_path / "04_ledgers", "run-1", 121, 1).begin()
        (tx.inprogress / "broken.json").write_bytes(b'{"status":')
&gt;       with pytest.raises(SctsrError):
E       Failed: DID NOT RAISE &lt;class 'stage1_sctsr_v4.errors.SctsrError'&gt;

tests\red_commit_05\test_evidence_transaction_hardening.py:357: Failed</failure></testcase><testcase classname="tests.red_commit_05.test_evidence_transaction_hardening" name="test_sa_221_commit_detects_half_written_parquet_without_optional_validator" time="0.015"><failure message="Failed: DID NOT RAISE &lt;class 'stage1_sctsr_v4.errors.SctsrError'&gt;">tmp_path = WindowsPath('C:/Users/28898/AppData/Local/Temp/pytest-of-28898/pytest-1426/test_sa_221_commit_detects_hal1')

    def test_sa_221_commit_detects_half_written_parquet_without_optional_validator(tmp_path: Path):
        tx = EpochTransaction(tmp_path / "04_ledgers", "run-1", 121, 1).begin()
        (tx.inprogress / "broken.parquet").write_bytes(b"PAR1\x15\x00TRUNCATED")
&gt;       with pytest.raises(SctsrError):
E       Failed: DID NOT RAISE &lt;class 'stage1_sctsr_v4.errors.SctsrError'&gt;

tests\red_commit_05\test_evidence_transaction_hardening.py:365: Failed</failure></testcase><testcase classname="tests.red_commit_05.test_evidence_transaction_hardening" name="test_sa_221_generation_manifest_binds_file_sha_and_telemetry_partition" time="0.002"><failure message="stage1_sctsr_v4.errors.SctsrError: COLUMNAR_ENGINE_UNAVAILABLE: PyArrow is required for canonical Zstd Parquet; portable fallback is synthetic-only and disabled">tmp_path = WindowsPath('C:/Users/28898/AppData/Local/Temp/pytest-of-28898/pytest-1426/test_sa_221_generation_manifes0')

    def test_sa_221_generation_manifest_binds_file_sha_and_telemetry_partition(tmp_path: Path):
        tx = EpochTransaction(tmp_path / "04_ledgers", "run-1", 121, 1).begin()
        path = tx.inprogress / "04_ledgers" / "telemetry" / "run_id=run-1" / "epoch=0121" / "part-00000.parquet"
&gt;       manifest = write_zstd_parquet(
            [{"run_id": "run-1", "epoch": 121, "value": 1}],
            path,
            schema_version="test.telemetry.v1",
        )

tests\red_commit_05\test_evidence_transaction_hardening.py:373:
_ _ _ _ _ _ _ _ _ _ _ _ _ _ _ _ _ _ _ _ _ _ _ _ _ _ _ _ _ _ _ _ _ _ _ _ _ _ _ _

rows = [{'epoch': 121, 'run_id': 'run-1', 'value': 1}]
path = WindowsPath('C:/Users/28898/AppData/Local/Temp/pytest-of-28898/pytest-1426/test_sa_221_generation_manifes0/04_ledgers/epoch_0121.generation_1.inprogress/04_ledgers/telemetry/run_id=run-1/epoch=0121/part-00000.parquet')

    def write_zstd_parquet(
        rows: Sequence[Mapping[str, Any]], path: str | Path, *, schema_version: str,
        allow_synthetic_portable_fallback: bool | None = None,
    ) -&gt; ColumnarManifest:
        destination = Path(path)
        destination.parent.mkdir(parents=True, exist_ok=True)
        engine = _pyarrow_modules()
        if engine is not None:
            pa, pq = engine
            table = pa.Table.from_pylist([dict(row) for row in rows])
            metadata = dict(table.schema.metadata or {})
            metadata[b"sctsr_schema_version"] = schema_version.encode("utf-8")
            metadata[b"sctsr_semantic"] = b"CANONICAL_ZSTD_PARQUET"
            table = table.replace_schema_metadata(metadata)
            temp = destination.with_name(destination.name + ".inprogress")
            pq.write_table(table, temp, compression="zstd", use_dictionary=True, write_statistics=True)
            os.replace(temp, destination)
            storage_format = "PARQUET_ZSTD"
        else:
            allow = allow_synthetic_portable_fallback
            if allow is None:
                allow = os.environ.get("SCTSR_ALLOW_SYNTHETIC_COLUMNAR_FALLBACK") == "1"
            if not allow:
&gt;               raise SctsrError(
                    ErrorCode.COLUMNAR_ENGINE_UNAVAILABLE,
                    "PyArrow is required for canonical Zstd Parquet; portable fallback is synthetic-only and disabled",
                    required_action="Install pyarrow in the Python 3.11/3.12 project environment",
                )
E               stage1_sctsr_v4.errors.SctsrError: COLUMNAR_ENGINE_UNAVAILABLE: PyArrow is required for canonical Zstd Parquet; portable fallback is synthetic-only and disabled

stage1_sctsr_v4\columnar.py:63: SctsrError</failure></testcase><testcase classname="tests.red_commit_05.test_evidence_transaction_hardening" name="test_sa_227_tampered_generation_manifest_is_rejected_by_recovery_pointer" time="0.026"><failure message="Failed: DID NOT RAISE &lt;class 'stage1_sctsr_v4.errors.SctsrError'&gt;">tmp_path = WindowsPath('C:/Users/28898/AppData/Local/Temp/pytest-of-28898/pytest-1426/test_sa_227_tampered_generatio0')

    def test_sa_227_tampered_generation_manifest_is_rejected_by_recovery_pointer(tmp_path: Path):
        root = tmp_path / "04_ledgers"
        tx = EpochTransaction(root, "run-1", 121, 1).begin()
        tx.write_json("value.json", {"value": 1})
        tx.commit()
        manifest_path = tx.complete / "GENERATION_MANIFEST.json"
        data = json.loads(manifest_path.read_text(encoding="utf-8"))
        data["generation"] = 2
        manifest_path.write_text(json.dumps(data), encoding="utf-8")
&gt;       with pytest.raises(SctsrError):
E       Failed: DID NOT RAISE &lt;class 'stage1_sctsr_v4.errors.SctsrError'&gt;

tests\red_commit_05\test_evidence_transaction_hardening.py:394: Failed</failure></testcase><testcase classname="tests.red_commit_05.test_evidence_transaction_hardening" name="test_sa_230_corrupt_latest_complete_generation_is_not_resumable" time="0.036"><failure message="TypeError: find_last_complete_epoch() got an unexpected keyword argument 'fail_on_corrupt_latest'">tmp_path = WindowsPath('C:/Users/28898/AppData/Local/Temp/pytest-of-28898/pytest-1426/test_sa_230_corrupt_latest_com0')

    def test_sa_230_corrupt_latest_complete_generation_is_not_resumable(tmp_path: Path):
        root = tmp_path / "04_ledgers"
        first = EpochTransaction(root, "run-1", 121, 1).begin()
        first.write_json("value.json", {"value": 1})
        first.commit()
        second = EpochTransaction(root, "run-1", 122, 1).begin()
        second.write_json("value.json", {"value": 2})
        second.commit()
        (second.complete / "value.json").write_text("corrupt", encoding="utf-8")
        with pytest.raises(SctsrError):
&gt;           recovery.find_last_complete_epoch(root, fail_on_corrupt_latest=True)
E           TypeError: find_last_complete_epoch() got an unexpected keyword argument 'fail_on_corrupt_latest'

tests\red_commit_05\test_evidence_transaction_hardening.py:408: TypeError</failure></testcase><testcase classname="tests.red_commit_05.test_evidence_transaction_hardening" name="test_sa_229_resume_identity_binds_rng_and_receipt_chain" time="0.000"><failure message="AssertionError: assert 'rng_state_digest' in {'arm_id': Field(name='arm_id',type='str',default=&lt;dataclasses._MISSING_TYPE object at 0x000001CF8CAABED0&gt;,default_fac...F8CAABED0&gt;,init=True,repr=True,hash=None,compare=True,metadata=mappingproxy({}),kw_only=False,_field_type=_FIELD), ...}">def test_sa_229_resume_identity_binds_rng_and_receipt_chain():
        fields = recovery.ResumeIdentity.__dataclass_fields__
&gt;       assert "rng_state_digest" in fields
E       AssertionError: assert 'rng_state_digest' in {'arm_id': Field(name='arm_id',type='str',default=&lt;dataclasses._MISSING_TYPE object at 0x000001CF8CAABED0&gt;,default_fac...F8CAABED0&gt;,init=True,repr=True,hash=None,compare=True,metadata=mappingproxy({}),kw_only=False,_field_type=_FIELD), ...}

tests\red_commit_05\test_evidence_transaction_hardening.py:413: AssertionError</failure></testcase><testcase classname="tests.red_commit_05.test_evidence_transaction_hardening" name="test_sa_231_repeated_quarantine_never_overwrites_previous_evidence" time="0.021"><failure message="AssertionError: assert WindowsPath('C:/Users/28898/AppData/Local/Temp/pytest-of-28898/pytest-1426/test_sa_231_repeated_quarantin0/09_quarantine/epoch_0121.generation_1.inprogress.quarantined') != WindowsPath('C:/Users/28898/AppData/Local/Temp/pytest-of-28898/pytest-1426/test_sa_231_repeated_quarantin0/09_quarantine/epoch_0121.generation_1.inprogress.quarantined')">tmp_path = WindowsPath('C:/Users/28898/AppData/Local/Temp/pytest-of-28898/pytest-1426/test_sa_231_repeated_quarantin0')

    def test_sa_231_repeated_quarantine_never_overwrites_previous_evidence(tmp_path: Path):
        root = tmp_path / "04_ledgers"
        first = EpochTransaction(root, "run-1", 121, 1).begin()
        first.write_json("marker.json", {"attempt": 1})
        first_path = first.abort("OOM")
        second = EpochTransaction(root, "run-1", 121, 1).begin()
        second.write_json("marker.json", {"attempt": 2})
        second_path = second.abort("OOM")
&gt;       assert first_path != second_path
E       AssertionError: assert WindowsPath('C:/Users/28898/AppData/Local/Temp/pytest-of-28898/pytest-1426/test_sa_231_repeated_quarantin0/09_quarantine/epoch_0121.generation_1.inprogress.quarantined') != WindowsPath('C:/Users/28898/AppData/Local/Temp/pytest-of-28898/pytest-1426/test_sa_231_repeated_quarantin0/09_quarantine/epoch_0121.generation_1.inprogress.quarantined')

tests\red_commit_05\test_evidence_transaction_hardening.py:425: AssertionError</failure></testcase><testcase classname="tests.red_commit_05.test_evidence_transaction_hardening" name="test_sa_232_and_233_checkpoint_retention_keeps_anchors_and_last_two" time="0.000"><failure message="assert False&#10; +  where False = callable(None)">def test_sa_232_and_233_checkpoint_retention_keeps_anchors_and_last_two():
        function = getattr(recovery, "retained_checkpoint_epochs", None)
&gt;       assert callable(function)
E       assert False
E        +  where False = callable(None)

tests\red_commit_05\test_evidence_transaction_hardening.py:432: AssertionError</failure></testcase></testsuite></testsuites>