<?xml version="1.0" encoding="utf-8"?><testsuites name="pytest tests"><testsuite name="pytest" errors="0" failures="0" skipped="0" tests="32" time="3.445" timestamp="2026-08-13T16:33:11.985943+08:00" hostname="zhangdawei"><testcase classname="tests.stage1_sctsr_v4.test_replay_step_plan" name="test_plan_conserves_occurrences" time="0.001" /><testcase classname="tests.stage1_sctsr_v4.test_replay_step_plan" name="test_same_schedule_same_step_skeleton_independent_of_identity" time="0.001" /><testcase classname="tests.stage1_sctsr_v4.test_replay_step_plan" name="test_tail_batch_cap_checked" time="0.000" /><testcase classname="tests.stage1_sctsr_v4.test_replay_step_plan" name="test_no_replay_plan_valid" time="0.000" /><testcase classname="tests.stage1_sctsr_v4.test_bn_isolation" name="test_bn_buffers_restored_but_gradients_allowed" time="0.021" /><testcase classname="tests.stage1_sctsr_v4.test_fixed_step_runtime" name="test_replay_does_not_add_optimizer_steps" time="0.876" /><testcase classname="tests.stage1_sctsr_v4.test_fixed_step_runtime" name="test_replay_changes_parameter_trajectory" time="0.161" /><testcase classname="tests.stage1_sctsr_v4.test_fixed_step_runtime" name="test_world_size_gt_one_rejected" time="0.075" /><testcase classname="tests.stage1_sctsr_v4.test_fixed_step_runtime" name="test_gradient_accumulation_rejected" time="0.077" /><testcase classname="tests.stage1_sctsr_v4.test_fixed_step_runtime" name="test_oom_is_fail_closed" time="0.070" /><testcase classname="tests.stage1_sctsr_v4.test_fixed_step_runtime" name="test_replay_ce_is_sum_divided_by_canonical_128" time="0.004" /><testcase classname="tests.stage1_sctsr_v4.test_fixed_step_runtime" name="test_generic_runtime_amp_skip_fails_closed" time="0.001" /><testcase classname="tests.stage1_sctsr_v4.test_fixed_step_hardening" name="test_sa_075_replay_step_plan_recomputes_content_digest" time="0.000" /><testcase classname="tests.stage1_sctsr_v4.test_fixed_step_hardening" name="test_sa_075_step_plan_records_counter_domain_seeds" time="0.000" /><testcase classname="tests.stage1_sctsr_v4.test_fixed_step_hardening" name="test_sa_108_overlay_calls_upstream_optimizer_step_exactly_once" time="0.005" /><testcase classname="tests.stage1_sctsr_v4.test_fixed_step_hardening" name="test_sa_106_base_identity_and_augmentation_trace_are_mandatory" time="0.001" /><testcase classname="tests.stage1_sctsr_v4.test_fixed_step_hardening" name="test_sa_109_replay_provider_must_preserve_materialized_identity_order" time="0.003" /><testcase classname="tests.stage1_sctsr_v4.test_fixed_step_hardening" name="test_sa_108_amp_overflow_skip_aborts_epoch" time="0.002" /><testcase classname="tests.stage1_sctsr_v4.test_fixed_step_hardening" name="test_sa_114_unscale_step_update_are_each_called_once_per_base_step" time="0.005" /><testcase classname="tests.stage1_sctsr_v4.test_fixed_step_hardening" name="test_sa_105_warmup_uses_only_base_step_coordinates" time="0.007" /><testcase classname="tests.stage1_sctsr_v4.test_real_yolo_integration" name="test_sa_115_real_frozen_yolo11l_classification_trainer_step" time="0.815" /><testcase classname="tests.stage1_sctsr_v4.test_ultralytics_overlay" name="test_upstream_overlay_keeps_one_step" time="0.005" /><testcase classname="tests.stage1_sctsr_v4.test_dataset_adapter" name="test_identity_wrapper_preserves_length_and_adds_metadata" time="0.000" /><testcase classname="tests.stage1_sctsr_v4.test_dataset_adapter" name="test_identity_wrapper_aligns_manifest_to_physical_dataset_order" time="0.000" /><testcase classname="tests.stage1_sctsr_v4.test_dataset_adapter" name="test_replay_batch_is_identity_addressed_and_carries_frozen_metadata" time="0.000" /><testcase classname="tests.stage1_sctsr_v4.test_dataset_adapter" name="test_source_path_mismatch_fails_closed" time="0.000" /><testcase classname="tests.stage1_sctsr_v4.test_dataset_adapter" name="test_tensor_digest_is_deterministic" time="0.000" /><testcase classname="tests.stage1_sctsr_v4.test_training_system" name="test_missing_upstream_tree_fails" time="0.004" /><testcase classname="tests.stage1_sctsr_v4.test_training_system" name="test_formal_authorization_guard" time="0.002" /><testcase classname="tests.stage1_sctsr_v4.test_training_system" name="test_upstream_binding_records_git_and_file_hashes" time="0.011" /><testcase classname="tests.stage1_sctsr_v4.test_training_system" name="test_trainer_overrides_preserve_full_canonical_lock" time="0.005" /><testcase classname="tests.stage1_sctsr_v4.test_training_system" name="test_trainer_override_cannot_change_frozen_learner" time="0.006" /></testsuite></testsuites>
