<?xml version="1.0" encoding="utf-8"?><testsuites name="pytest tests"><testsuite name="pytest" errors="0" failures="0" skipped="0" tests="3" time="4.634" timestamp="2026-08-14T20:12:30.776435+08:00" hostname="zhangdawei"><testcase classname="tests.stage1_sctsr_v4.test_r2_specification_audit" name="test_minimum_displacement_candidate_is_unique_zero_overlap_and_coarse_exact" time="0.000" /><testcase classname="tests.stage1_sctsr_v4.test_r2_specification_audit" name="test_registered_r2_audit_reproduces_shortage_and_compares_falsifiable_options" time="4.188" /><testcase classname="tests.stage1_sctsr_v4.test_schema_registry" name="test_schema_registry_registers_r2_specification_audit" time="0.000" /></testsuite></testsuites>