<?xml version="1.0" encoding="utf-8"?><testsuites name="pytest tests"><testsuite name="pytest" errors="0" failures="1" skipped="0" tests="1" time="0.494" timestamp="2026-08-14T20:13:13.843956+08:00" hostname="zhangdawei"><testcase classname="tests.stage1_sctsr_v4.test_r2_specification_audit" name="test_r2_audit_cli_writes_a_byte_bound_report_without_pool_side_effect" time="0.032"><failure message="AssertionError: C:\Users\28898\AppData\Roaming\uv\python\cpython-3.11-windows-x86_64-none\python.exe: can't open file 'C:\\Users\\28898\\AppData\\Local\\Temp\\YOLO-CV-sctsr-v4-readiness-fix-f285754\\scripts\\stage1_sctsr_v4\\audit_r2_specification.py': [Errno 2] No such file or directory&#10;  &#10;assert 2 == 0&#10; +  where 2 = CompletedProcess(args=['C:\\Users\\28898\\AppData\\Local\\uv\\cache\\builds-v0\\.tmp2C4nwa\\Scripts\\python.exe', 'C:\...diness-fix-f285754\\\\scripts\\\\stage1_sctsr_v4\\\\audit_r2_specification.py': [Errno 2] No such file or directory\n&quot;).returncode">repository_root = WindowsPath('C:/Users/28898/AppData/Local/Temp/YOLO-CV-sctsr-v4-readiness-fix-f285754')
tmp_path = WindowsPath('C:/Users/28898/AppData/Local/Temp/pytest-of-28898/pytest-1686/test_r2_audit_cli_writes_a_byt0')

    def test_r2_audit_cli_writes_a_byte_bound_report_without_pool_side_effect(repository_root, tmp_path):
        report = tmp_path / "R2_SPECIFICATION_AUDIT.json"
        receipt = tmp_path / "R2_SPECIFICATION_AUDIT_RECEIPT.json"
        completed = subprocess.run(
            [
                sys.executable,
                str(repository_root / "scripts" / "stage1_sctsr_v4" / "audit_r2_specification.py"),
                "--repository-root",
                str(repository_root),
                "--asset-registry",
                str(repository_root / "configs" / "stage1_sctsr_v4" / "asset_registry_v1.json"),
                "--selection-seed",
                "20260812",
                "--audit-output",
                str(report),
                "--output",
                str(receipt),
            ],
            cwd=repository_root,
            env=dict(os.environ, PYTHONPATH=str(repository_root)),
            text=True,
            capture_output=True,
        )
    
&gt;       assert completed.returncode == 0, completed.stderr
E       AssertionError: C:\Users\28898\AppData\Roaming\uv\python\cpython-3.11-windows-x86_64-none\python.exe: can't open file 'C:\\Users\\28898\\AppData\\Local\\Temp\\YOLO-CV-sctsr-v4-readiness-fix-f285754\\scripts\\stage1_sctsr_v4\\audit_r2_specification.py': [Errno 2] No such file or directory
E         
E       assert 2 == 0
E        +  where 2 = CompletedProcess(args=['C:\\Users\\28898\\AppData\\Local\\uv\\cache\\builds-v0\\.tmp2C4nwa\\Scripts\\python.exe', 'C:\...diness-fix-f285754\\\\scripts\\\\stage1_sctsr_v4\\\\audit_r2_specification.py': [Errno 2] No such file or directory\n").returncode

tests\stage1_sctsr_v4\test_r2_specification_audit.py:97: AssertionError</failure></testcase></testsuite></testsuites>