<?xml version="1.0" encoding="utf-8"?><testsuites name="pytest tests"><testsuite name="pytest" errors="0" failures="0" skipped="0" tests="14" time="5.180" timestamp="2026-08-14T19:20:52.331607+08:00" hostname="zhangdawei"><testcase classname="tests.stage1_sctsr_v4.test_asset_registry" name="test_asset_registry_validates_exact_file" time="0.004" /><testcase classname="tests.stage1_sctsr_v4.test_asset_registry" name="test_asset_sha_mismatch_fails" time="0.002" /><testcase classname="tests.stage1_sctsr_v4.test_asset_registry" name="test_missing_required_asset_fails" time="0.001" /><testcase classname="tests.stage1_sctsr_v4.test_asset_registry" name="test_val_target_cannot_be_claimed" time="0.001" /><testcase classname="tests.stage1_sctsr_v4.test_asset_hardening" name="test_sa_041_asset_row_count_is_verified_from_csv" time="0.003" /><testcase classname="tests.stage1_sctsr_v4.test_asset_hardening" name="test_sa_042_asset_identity_digest_is_recomputed" time="0.003" /><testcase classname="tests.stage1_sctsr_v4.test_asset_hardening" name="test_sa_043_asset_split_role_is_verified_from_rows" time="0.003" /><testcase classname="tests.stage1_sctsr_v4.test_asset_hardening" name="test_sa_044_base_denominator_is_derived_from_registered_identity" time="0.003" /><testcase classname="tests.stage1_sctsr_v4.test_asset_hardening" name="test_registered_validation_split_bundle_is_sha_and_identity_bound" time="0.016" /><testcase classname="tests.stage1_sctsr_v4.test_asset_hardening" name="test_test_split_may_not_be_registered_for_sctsr_v4" time="0.003" /><testcase classname="tests.stage1_sctsr_v4.test_asset_hardening" name="test_clean_checkout_oof_metadata_is_byte_bound_to_registry" time="0.001" /><testcase classname="tests.stage1_sctsr_v4.test_formal_pool_inputs" name="test_sa_045_registered_t_is_exact_3000_id_frozen_stress_set" time="4.005" /><testcase classname="tests.stage1_sctsr_v4.test_formal_pool_inputs" name="test_sa_046_registered_r1_uses_all_120000_base_candidates" time="0.223" /><testcase classname="tests.stage1_sctsr_v4.test_formal_pool_inputs" name="test_sa_053_registered_r2_fails_closed_on_proven_exact_quota_shortage" time="0.485" /></testsuite></testsuites>